 Running with            1  procs

                                            |
 _      ___   ___   ___   _      ___   _    |  A massively parallel Voronoi
\\\  / /// \ |||_) /// \ |||\ | /// \ |||   |  tesselation generator
 \\\/  \\\_/ ||| \ \\\_/ ||| \| \\\_/ |||   |  
                                            |  v0.9.0 (Aug. 2020)
                                            |  (c) 2020 Los Alamos Natl. Lab
                                            |

 
PARAMETERS
 =================================================================
    MPI Nodes:                                                   1
    Input:                                    bartlesville_hec.inp
    Output:                                   bartlesville_hec.uge
    Filetype:                                   PFLOTRAN grid file
    Control volume:                                        Voronoi
 
MESH ATTRIBUTES
 =================================================================
    Nodes:                                                   45116
    Elements:                                               246932
    Element type:                                      tetrahedron
 
 =================================================================
 RUNNING PROGRAM...
 -----------------------------------------------------------------
 > Scatter/gather the coordinates...
 > Building connection matrix...
 > Calculating Voronoi tesselation...
 > Reconstructing the full matrices...
 > Writing to file...
 > Computing mesh statistics...
 =================================================================
 
Finished in 1.441 seconds.
