
================================
  PFLOTRAN Development Version
================================

pflotran card:: GRID
pflotran card:: NUMERICAL_METHODS
pflotran card:: TIME
pflotran card:: REFERENCE_PRESSURE
"Reference Pressure units" set to default value.
pflotran card:: MATERIAL_PROPERTY
  Name :: overburden
pflotran card:: MATERIAL_PROPERTY
  Name :: bartlesville_sand
pflotran card:: MATERIAL_PROPERTY
  Name :: basal_layer
pflotran card:: MATERIAL_PROPERTY
  Name :: underburden
pflotran card:: MATERIAL_PROPERTY
  Name :: hec
pflotran card:: MATERIAL_PROPERTY
  Name :: injection_borehole
pflotran card:: MATERIAL_PROPERTY
  Name :: AVN2
pflotran card:: MATERIAL_PROPERTY
  Name :: AVN87
pflotran card:: MATERIAL_PROPERTY
  Name :: AVN31
pflotran card:: CHARACTERISTIC_CURVES
  Name :: default
pflotran card:: OUTPUT
"OUTPUT,SNAPSHOT_FILE,FORMAT,HDF5" set to default value.
pflotran card:: REGION
All
pflotran card:: REGION
top
pflotran card:: REGION
bottom
pflotran card:: REGION
north
pflotran card:: REGION
south
pflotran card:: REGION
east
pflotran card:: REGION
west
pflotran card:: REGION
injection_borehole
pflotran card:: REGION
strainmeter_sensors
pflotran card:: REGION
AVN2
pflotran card:: REGION
AVN87
pflotran card:: REGION
AVN31
pflotran card:: FLOW_CONDITION
initial
pflotran card:: FLOW_CONDITION
far_field_pressure
pflotran card:: FLOW_CONDITION
noflow
pflotran card:: FLOW_CONDITION
injection
pflotran card:: INITIAL_CONDITION
"Initial Condition name" set to default value.
pflotran card:: SOURCE_SINK
pflotran card:: BOUNDARY_CONDITION
pflotran card:: BOUNDARY_CONDITION
pflotran card:: BOUNDARY_CONDITION
pflotran card:: BOUNDARY_CONDITION
pflotran card:: BOUNDARY_CONDITION
pflotran card:: BOUNDARY_CONDITION
pflotran card:: STRATA
pflotran card:: END_SUBSURFACE

 *GEOMECH_GRAV
  gravity    =  [m/s^2]     0.0000E+00  0.0000E+00 -9.8100E+00
word :: GEOMECHANICS_MAPPING_FILE
word :: GEOMECHANICS_GRID
word :: GEOMECHANICS_TIME
word :: GEOMECHANICS_REGION
overburden
word :: GEOMECHANICS_REGION
bartlesville_sand
word :: GEOMECHANICS_REGION
basal_layer
word :: GEOMECHANICS_REGION
underburden
word :: GEOMECHANICS_REGION
hec
word :: GEOMECHANICS_REGION
injection_borehole
word :: GEOMECHANICS_REGION
strainmeter_sensors
word :: GEOMECHANICS_REGION
AVN2
word :: GEOMECHANICS_REGION
AVN87
word :: GEOMECHANICS_REGION
AVN31
word :: GEOMECHANICS_REGION
west
word :: GEOMECHANICS_REGION
east
word :: GEOMECHANICS_REGION
north
word :: GEOMECHANICS_REGION
south
word :: GEOMECHANICS_REGION
bottom
word :: GEOMECHANICS_REGION
top
word :: GEOMECHANICS_MATERIAL_PROPERTY
word :: GEOMECHANICS_MATERIAL_PROPERTY
word :: GEOMECHANICS_MATERIAL_PROPERTY
word :: GEOMECHANICS_MATERIAL_PROPERTY
word :: GEOMECHANICS_MATERIAL_PROPERTY
word :: GEOMECHANICS_MATERIAL_PROPERTY
word :: GEOMECHANICS_MATERIAL_PROPERTY
word :: GEOMECHANICS_MATERIAL_PROPERTY
word :: GEOMECHANICS_MATERIAL_PROPERTY
word :: GEOMECHANICS_STRATA
word :: GEOMECHANICS_STRATA
word :: GEOMECHANICS_STRATA
word :: GEOMECHANICS_STRATA
word :: GEOMECHANICS_STRATA
word :: GEOMECHANICS_STRATA
word :: GEOMECHANICS_STRATA
word :: GEOMECHANICS_STRATA
word :: GEOMECHANICS_STRATA
word :: GEOMECHANICS_CONDITION
west_roller
word :: GEOMECHANICS_CONDITION
east_roller
word :: GEOMECHANICS_CONDITION
north_roller
word :: GEOMECHANICS_CONDITION
south_roller
word :: GEOMECHANICS_CONDITION
bottom_fix
word :: GEOMECHANICS_BOUNDARY_CONDITION
word :: GEOMECHANICS_BOUNDARY_CONDITION
word :: GEOMECHANICS_BOUNDARY_CONDITION
word :: GEOMECHANICS_BOUNDARY_CONDITION
word :: GEOMECHANICS_BOUNDARY_CONDITION
word :: GEOMECHANICS_OUTPUT
"GEOMECHANICS_OUTPUT,FORMAT,HDF5,# FILES" set to default value.

Number of processes: 5

Extent of Gridded Domain
 X: 0.000000E+00 - 1.000000E+04
 Y: 0.000000E+00 - 1.000000E+04
 Z: -7.500000E+02 - 0.000000E+00

Size of Gridded Domain
 Number of grid cells: 95218
 Maximum number of grid cells per process: 19721
 Minimum number of grid cells per process: 17308

Min/Max Cell Volumes [m^3]
 Maximum: 1.757812E+07
 Minimum: 2.052600E-03
Opening hdf5 file: /home/kwesi/yaomesh/Pflotran_files_codes/./bartlesville_hec_material_ids.h5
Setting up grid cell indices
Opening group: Materials
Reading dataset: Materials/Cell Ids
  0.00 Seconds to set up indices
Reading dataset: Materials/Material Ids
  0.00 Seconds to read integer array.
Closing group: Materials
Closing hdf5 file: /home/kwesi/yaomesh/Pflotran_files_codes/./bartlesville_hec_material_ids.h5

Number of active grid cells: 95218
Number of inactive grid cells: 0


=+=+=+=+=+=+=+=+=+=+=+=+=+=+=+=+=+=+=+=+=+=+=+=+=+=+=+=+=+=+=+=+=+=+=+=+=+=+=+=+

  Initial Condition

--------------------------------------------------------------------------------
          Flow Condition:   initial
                  Region:   All
--------------------------------------------------------------------------------

  Flow Condition: initial
    Synchronize time with update: no
    Time units: yr
    Length units: m
      Datum:
        Dataset: Unnamed Ascii Dataset
          Type: dataset_ascii_type
          Transient: no
          Array Rank:  3

    Sub Condition: pressure
      Type: hydrostatic
      Gradient:
        Dataset: Unnamed Ascii Dataset
          Type: dataset_ascii_type
          Transient: no
          Array Rank:  3
      Data:
        Dataset: Unnamed Ascii Dataset
          Type: dataset_ascii_type
          Transient: no
          Array Rank:  1

--------------------------------------------------------------------------------

=+=+=+=+=+=+=+=+=+=+=+=+=+=+=+=+=+=+=+=+=+=+=+=+=+=+=+=+=+=+=+=+=+=+=+=+=+=+=+=+

  Boundary Condition

--------------------------------------------------------------------------------
          Flow Condition:   far_field_pressure
                  Region:   west
--------------------------------------------------------------------------------

  Flow Condition: far_field_pressure
    Synchronize time with update: no
    Time units: yr
    Length units: m
      Datum:
        Dataset: Unnamed Ascii Dataset
          Type: dataset_ascii_type
          Transient: no
          Array Rank:  3

    Sub Condition: pressure
      Type: hydrostatic
      Gradient:
        Dataset: Unnamed Ascii Dataset
          Type: dataset_ascii_type
          Transient: no
          Array Rank:  3
      Data:
        Dataset: Unnamed Ascii Dataset
          Type: dataset_ascii_type
          Transient: no
          Array Rank:  1

--------------------------------------------------------------------------------

=+=+=+=+=+=+=+=+=+=+=+=+=+=+=+=+=+=+=+=+=+=+=+=+=+=+=+=+=+=+=+=+=+=+=+=+=+=+=+=+

  Boundary Condition

--------------------------------------------------------------------------------
          Flow Condition:   far_field_pressure
                  Region:   east
--------------------------------------------------------------------------------

  Flow Condition: far_field_pressure
    Synchronize time with update: no
    Time units: yr
    Length units: m
      Datum:
        Dataset: Unnamed Ascii Dataset
          Type: dataset_ascii_type
          Transient: no
          Array Rank:  3

    Sub Condition: pressure
      Type: hydrostatic
      Gradient:
        Dataset: Unnamed Ascii Dataset
          Type: dataset_ascii_type
          Transient: no
          Array Rank:  3
      Data:
        Dataset: Unnamed Ascii Dataset
          Type: dataset_ascii_type
          Transient: no
          Array Rank:  1

--------------------------------------------------------------------------------

=+=+=+=+=+=+=+=+=+=+=+=+=+=+=+=+=+=+=+=+=+=+=+=+=+=+=+=+=+=+=+=+=+=+=+=+=+=+=+=+

  Boundary Condition

--------------------------------------------------------------------------------
          Flow Condition:   far_field_pressure
                  Region:   north
--------------------------------------------------------------------------------

  Flow Condition: far_field_pressure
    Synchronize time with update: no
    Time units: yr
    Length units: m
      Datum:
        Dataset: Unnamed Ascii Dataset
          Type: dataset_ascii_type
          Transient: no
          Array Rank:  3

    Sub Condition: pressure
      Type: hydrostatic
      Gradient:
        Dataset: Unnamed Ascii Dataset
          Type: dataset_ascii_type
          Transient: no
          Array Rank:  3
      Data:
        Dataset: Unnamed Ascii Dataset
          Type: dataset_ascii_type
          Transient: no
          Array Rank:  1

--------------------------------------------------------------------------------

=+=+=+=+=+=+=+=+=+=+=+=+=+=+=+=+=+=+=+=+=+=+=+=+=+=+=+=+=+=+=+=+=+=+=+=+=+=+=+=+

  Boundary Condition

--------------------------------------------------------------------------------
          Flow Condition:   far_field_pressure
                  Region:   south
--------------------------------------------------------------------------------

  Flow Condition: far_field_pressure
    Synchronize time with update: no
    Time units: yr
    Length units: m
      Datum:
        Dataset: Unnamed Ascii Dataset
          Type: dataset_ascii_type
          Transient: no
          Array Rank:  3

    Sub Condition: pressure
      Type: hydrostatic
      Gradient:
        Dataset: Unnamed Ascii Dataset
          Type: dataset_ascii_type
          Transient: no
          Array Rank:  3
      Data:
        Dataset: Unnamed Ascii Dataset
          Type: dataset_ascii_type
          Transient: no
          Array Rank:  1

--------------------------------------------------------------------------------

=+=+=+=+=+=+=+=+=+=+=+=+=+=+=+=+=+=+=+=+=+=+=+=+=+=+=+=+=+=+=+=+=+=+=+=+=+=+=+=+

  Boundary Condition

--------------------------------------------------------------------------------
          Flow Condition:   noflow
                  Region:   top
--------------------------------------------------------------------------------

  Flow Condition: noflow
    Synchronize time with update: no
    Time units: yr
    Length units: m
      Datum:

    Sub Condition: pressure
      Type: neumann
      Gradient:
      Data:
        Dataset: Unnamed Ascii Dataset
          Type: dataset_ascii_type
          Transient: no
          Array Rank:  1

--------------------------------------------------------------------------------

=+=+=+=+=+=+=+=+=+=+=+=+=+=+=+=+=+=+=+=+=+=+=+=+=+=+=+=+=+=+=+=+=+=+=+=+=+=+=+=+

  Boundary Condition

--------------------------------------------------------------------------------
          Flow Condition:   noflow
                  Region:   bottom
--------------------------------------------------------------------------------

  Flow Condition: noflow
    Synchronize time with update: no
    Time units: yr
    Length units: m
      Datum:

    Sub Condition: pressure
      Type: neumann
      Gradient:
      Data:
        Dataset: Unnamed Ascii Dataset
          Type: dataset_ascii_type
          Transient: no
          Array Rank:  1

--------------------------------------------------------------------------------

=+=+=+=+=+=+=+=+=+=+=+=+=+=+=+=+=+=+=+=+=+=+=+=+=+=+=+=+=+=+=+=+=+=+=+=+=+=+=+=+

  Source/Sink

--------------------------------------------------------------------------------
          Flow Condition:   injection
                  Region:   injection_borehole
--------------------------------------------------------------------------------

  Flow Condition: injection
    Synchronize time with update: yes
    Time units: yr
    Length units: m
      Datum:

    Sub Condition: rate
      Type: scaled volumetric rate
      Gradient:
      Data:
        Dataset: Unnamed Ascii Dataset
          Type: dataset_ascii_type
          Is transient?: yes
          Number of times:      2
          Is cyclic?: no
          Buffer:
            Rank:  2
            Dims:    1   2
            Buffer Slice Size:   0
          Array Rank:  1

--------------------------------------------------------------------------------
Default HDF5 method is used in Initialization
  Beginning setup of FLOW SNES
 number of dofs =   1, number of phases =   1
 mode = Richards: p
  Finished setting up FLOW SNES

 Requested processors =     5

=+=+=+=+=+=+=+=+=+=+=+=+=+=+=+=+=+=+=+=+=+=+=+=+=+=+=+=+=+=+=+=+=+=+=+=+=+=+=+=+

  Geomech Boundary Condition

--------------------------------------------------------------------------------
          Geomech Condition:   west_roller
                  Region:   west
--------------------------------------------------------------------------------

  Geomech Condition: west_roller
    Synchronize time with update: no
    Time units: yr
    Length units: m

    Sub Condition: displacement_x
      Type: dirichlet
      Geomech Dataset:
TODO(geh): add DatasetPrint()

--------------------------------------------------------------------------------

=+=+=+=+=+=+=+=+=+=+=+=+=+=+=+=+=+=+=+=+=+=+=+=+=+=+=+=+=+=+=+=+=+=+=+=+=+=+=+=+

  Geomech Boundary Condition

--------------------------------------------------------------------------------
          Geomech Condition:   east_roller
                  Region:   east
--------------------------------------------------------------------------------

  Geomech Condition: east_roller
    Synchronize time with update: no
    Time units: yr
    Length units: m

    Sub Condition: displacement_x
      Type: dirichlet
      Geomech Dataset:
TODO(geh): add DatasetPrint()

--------------------------------------------------------------------------------

=+=+=+=+=+=+=+=+=+=+=+=+=+=+=+=+=+=+=+=+=+=+=+=+=+=+=+=+=+=+=+=+=+=+=+=+=+=+=+=+

  Geomech Boundary Condition

--------------------------------------------------------------------------------
          Geomech Condition:   north_roller
                  Region:   north
--------------------------------------------------------------------------------

  Geomech Condition: north_roller
    Synchronize time with update: no
    Time units: yr
    Length units: m

    Sub Condition: displacement_y
      Type: dirichlet
      Geomech Dataset:
TODO(geh): add DatasetPrint()

--------------------------------------------------------------------------------

=+=+=+=+=+=+=+=+=+=+=+=+=+=+=+=+=+=+=+=+=+=+=+=+=+=+=+=+=+=+=+=+=+=+=+=+=+=+=+=+

  Geomech Boundary Condition

--------------------------------------------------------------------------------
          Geomech Condition:   south_roller
                  Region:   south
--------------------------------------------------------------------------------

  Geomech Condition: south_roller
    Synchronize time with update: no
    Time units: yr
    Length units: m

    Sub Condition: displacement_y
      Type: dirichlet
      Geomech Dataset:
TODO(geh): add DatasetPrint()

--------------------------------------------------------------------------------

=+=+=+=+=+=+=+=+=+=+=+=+=+=+=+=+=+=+=+=+=+=+=+=+=+=+=+=+=+=+=+=+=+=+=+=+=+=+=+=+

  Geomech Boundary Condition

--------------------------------------------------------------------------------
          Geomech Condition:   bottom_fix
                  Region:   bottom
--------------------------------------------------------------------------------

  Geomech Condition: bottom_fix
    Synchronize time with update: no
    Time units: yr
    Length units: m

    Sub Condition: displacement_z
      Type: dirichlet
      Geomech Dataset:
TODO(geh): add DatasetPrint()

--------------------------------------------------------------------------------
  Beginning setup of GEOMECH KSP
  Finished setting up GEOMECH KSP

FLOW Time Stepper SNES
      maximum number of steps: 999999
constant time steps threshold: 5
       maximum number of cuts: 40
             reduction factor: 2.500000E-01
        maximum growth factor: 2.000000E+00
                 acceleration: on
       acceleration threshold: 5
       number of ramp entries: 5
                ramp entry #1: 2.0000
                ramp entry #2: 2.0000
                ramp entry #3: 2.0000
                ramp entry #4: 2.0000
                ramp entry #5: 2.0000
                ramp entry #6: 1.8000
                ramp entry #7: 1.6000
                ramp entry #8: 1.4000
                ramp entry #9: 1.2000
               ramp entry #10: 1.0000
               ramp entry #11: 1.0000
               ramp entry #12: 1.0000
               ramp entry #13: 1.0000

FLOW Newton Solver
                         atol: 1.000000E-50
                         rtol: 1.000000E-08
                         stol: 1.000000E-08
                         dtol: 1.000000E+04
                      maxnorm: 1.000000E+20
                    inftolres: -9.990000E+02
                    inftolupd: -9.990000E+02
                 inftolrelupd: -9.990000E+02
                 inftolsclres: -9.990000E+02
                     max iter: 50
                     min iter: 1
                         maxf: 10000
                  matrix type: baij
         precond. matrix type: baij
               inexact newton: off
            print convergence: on
   print detailed convergence: off
          check infinity norm: on

FLOW Linear Solver
                       solver: bcgs
               preconditioner: asm
                         atol: 1.000000E-50
                         rtol: 1.000000E-08
                         dtol: 1.000000E+04
            maximum iteration: 200

GEOMECHANICS Time Stepper KSP
      maximum number of steps: 999999
constant time steps threshold: 5
       maximum number of cuts: 16
             reduction factor: 5.000000E-01
        maximum growth factor: 2.000000E+00

GEOMECHANICS Newton Solver
                         atol: -2.000000E+00
                         rtol: -2.000000E+00
                         stol: -2.000000E+00
                         dtol: -2.000000E+00
                      maxnorm: 1.000000E+20
                    inftolres: -9.990000E+02
                    inftolupd: -9.990000E+02
                 inftolrelupd: -9.990000E+02
                 inftolsclres: -9.990000E+02
                     max iter: -2
                     min iter: 1
                         maxf: -2
                  matrix type: baij
         precond. matrix type: baij
               inexact newton: off
            print convergence: on
   print detailed convergence: off
          check infinity norm: on

GEOMECHANICS Linear Solver
                       solver: bcgs
               preconditioner:
                         atol: 1.000000E-50
                         rtol: 1.000000E-05
                         dtol: 1.000000E+04
            maximum iteration: 10000

 --> creating hdf5 output file: /home/kwesi/yaomesh/Pflotran_files_codes/preload_state.h5
      0.01 Seconds to write HDF5 file.

 Finished Initialization


== RICHARDS FLOW ===============================================================
  0 2r: 7.35E-05 2x: 0.00E+00 2u: 0.00E+00 ir: 3.16E-06 iu: 0.00E+00 rsn:   0
  1 2r: 1.15E-06 2x: 1.29E+09 2u: 4.74E-03 ir: 5.96E-08 iu: 5.48E-05 rsn: stol

 Step      1 Time=  1.00000E-03 Dt=  1.00000E-03 [minute] conv_reason: 4
  newton =   1 [       1] linear =     1 [         1] cuts =  0 [   0]
  --> SNES Linear/Non-Linear Iterations = 1 / 1
  --> SNES Residual: 0.114536E-05 0.120288E-10 0.596046E-07
  --> max change: dpmx=   5.4820E-05

== GEOMECHANICS ================================================================

 Step      1 Time=  1.00000E-03 Dt=  1.00000E-03 [minute] conv_reason: 2
  linear =   239 [       239] cuts =  0 [   0]

== RICHARDS FLOW ===============================================================
  0 2r: 7.35E-05 2x: 0.00E+00 2u: 0.00E+00 ir: 3.17E-06 iu: 0.00E+00 rsn:   0
  1 2r: 6.23E-07 2x: 1.29E+09 2u: 9.47E-03 ir: 4.47E-08 iu: 1.09E-04 rsn: stol

 Step      2 Time=  3.00000E-03 Dt=  2.00000E-03 [minute] conv_reason: 4
  newton =   1 [       2] linear =     1 [         2] cuts =  0 [   0]
  --> SNES Linear/Non-Linear Iterations = 1 / 1
  --> SNES Residual: 0.623487E-06 0.654799E-11 0.447035E-07
  --> max change: dpmx=   1.0940E-04

== GEOMECHANICS ================================================================

 Step      2 Time=  3.00000E-03 Dt=  2.00000E-03 [minute] conv_reason: 2
  linear =   228 [       467] cuts =  0 [   0]

== RICHARDS FLOW ===============================================================
  0 2r: 7.35E-05 2x: 0.00E+00 2u: 0.00E+00 ir: 3.17E-06 iu: 0.00E+00 rsn:   0
  1 2r: 7.08E-07 2x: 1.29E+09 2u: 1.89E-02 ir: 2.98E-08 iu: 2.19E-04 rsn: stol

 Step      3 Time=  7.00000E-03 Dt=  4.00000E-03 [minute] conv_reason: 4
  newton =   1 [       3] linear =     1 [         3] cuts =  0 [   0]
  --> SNES Linear/Non-Linear Iterations = 1 / 1
  --> SNES Residual: 0.708064E-06 0.743624E-11 0.298023E-07
  --> max change: dpmx=   2.1857E-04

== GEOMECHANICS ================================================================

 Step      3 Time=  7.00000E-03 Dt=  4.00000E-03 [minute] conv_reason: 2
  linear =   202 [       669] cuts =  0 [   0]

== RICHARDS FLOW ===============================================================
  0 2r: 7.35E-05 2x: 0.00E+00 2u: 0.00E+00 ir: 3.17E-06 iu: 0.00E+00 rsn:   0
  1 2r: 4.27E-07 2x: 1.29E+09 2u: 3.77E-02 ir: 1.49E-08 iu: 4.37E-04 rsn: stol

 Step      4 Time=  1.50000E-02 Dt=  8.00000E-03 [minute] conv_reason: 4
  newton =   1 [       4] linear =     1 [         4] cuts =  0 [   0]
  --> SNES Linear/Non-Linear Iterations = 1 / 1
  --> SNES Residual: 0.426981E-06 0.448424E-11 0.149012E-07
  --> max change: dpmx=   4.3690E-04

== GEOMECHANICS ================================================================

 Step      4 Time=  1.50000E-02 Dt=  8.00000E-03 [minute] conv_reason: 2
  linear =   223 [       892] cuts =  0 [   0]

== RICHARDS FLOW ===============================================================
  0 2r: 7.34E-05 2x: 0.00E+00 2u: 0.00E+00 ir: 3.17E-06 iu: 0.00E+00 rsn:   0
  1 2r: 2.98E-07 2x: 1.29E+09 2u: 4.70E-02 ir: 1.49E-08 iu: 5.46E-04 rsn: stol

 Step      5 Time=  2.50000E-02 Dt=  1.00000E-02 [minute] conv_reason: 4
  newton =   1 [       5] linear =     1 [         5] cuts =  0 [   0]
  --> SNES Linear/Non-Linear Iterations = 1 / 1
  --> SNES Residual: 0.297833E-06 0.312790E-11 0.149012E-07
  --> max change: dpmx=   5.4605E-04

== GEOMECHANICS ================================================================

 Step      5 Time=  2.50000E-02 Dt=  1.00000E-02 [minute] conv_reason: 2
  linear =   226 [      1118] cuts =  0 [   0]

== RICHARDS FLOW ===============================================================
  0 2r: 7.34E-05 2x: 0.00E+00 2u: 0.00E+00 ir: 3.17E-06 iu: 0.00E+00 rsn:   0
  1 2r: 3.50E-07 2x: 1.29E+09 2u: 4.69E-02 ir: 2.98E-08 iu: 5.46E-04 rsn: stol

 Step      6 Time=  3.50000E-02 Dt=  1.00000E-02 [minute] conv_reason: 4
  newton =   1 [       6] linear =     1 [         6] cuts =  0 [   0]
  --> SNES Linear/Non-Linear Iterations = 1 / 1
  --> SNES Residual: 0.350075E-06 0.367657E-11 0.298023E-07
  --> max change: dpmx=   5.4605E-04

== GEOMECHANICS ================================================================

 Step      6 Time=  3.50000E-02 Dt=  1.00000E-02 [minute] conv_reason: 2
  linear =   230 [      1348] cuts =  0 [   0]

== RICHARDS FLOW ===============================================================
  0 2r: 7.34E-05 2x: 0.00E+00 2u: 0.00E+00 ir: 3.17E-06 iu: 0.00E+00 rsn:   0
  1 2r: 2.76E-07 2x: 1.29E+09 2u: 4.68E-02 ir: 2.98E-08 iu: 5.46E-04 rsn: stol

 Step      7 Time=  4.50000E-02 Dt=  1.00000E-02 [minute] conv_reason: 4
  newton =   1 [       7] linear =     1 [         7] cuts =  0 [   0]
  --> SNES Linear/Non-Linear Iterations = 1 / 1
  --> SNES Residual: 0.276070E-06 0.289934E-11 0.298023E-07
  --> max change: dpmx=   5.4605E-04

== GEOMECHANICS ================================================================

 Step      7 Time=  4.50000E-02 Dt=  1.00000E-02 [minute] conv_reason: 2
  linear =   212 [      1560] cuts =  0 [   0]

== RICHARDS FLOW ===============================================================
  0 2r: 7.33E-05 2x: 0.00E+00 2u: 0.00E+00 ir: 3.17E-06 iu: 0.00E+00 rsn:   0
  1 2r: 3.99E-07 2x: 1.29E+09 2u: 4.67E-02 ir: 1.49E-08 iu: 5.46E-04 rsn: stol

 Step      8 Time=  5.50000E-02 Dt=  1.00000E-02 [minute] conv_reason: 4
  newton =   1 [       8] linear =     1 [         8] cuts =  0 [   0]
  --> SNES Linear/Non-Linear Iterations = 1 / 1
  --> SNES Residual: 0.398675E-06 0.418697E-11 0.149012E-07
  --> max change: dpmx=   5.4604E-04

== GEOMECHANICS ================================================================

 Step      8 Time=  5.50000E-02 Dt=  1.00000E-02 [minute] conv_reason: 2
  linear =   231 [      1791] cuts =  0 [   0]

== RICHARDS FLOW ===============================================================
  0 2r: 7.33E-05 2x: 0.00E+00 2u: 0.00E+00 ir: 3.17E-06 iu: 0.00E+00 rsn:   0
  1 2r: 3.24E-07 2x: 1.29E+09 2u: 4.67E-02 ir: 2.98E-08 iu: 5.46E-04 rsn: stol

 Step      9 Time=  6.50000E-02 Dt=  1.00000E-02 [minute] conv_reason: 4
  newton =   1 [       9] linear =     1 [         9] cuts =  0 [   0]
  --> SNES Linear/Non-Linear Iterations = 1 / 1
  --> SNES Residual: 0.323668E-06 0.339924E-11 0.298023E-07
  --> max change: dpmx=   5.4604E-04

== GEOMECHANICS ================================================================

 Step      9 Time=  6.50000E-02 Dt=  1.00000E-02 [minute] conv_reason: 2
  linear =   255 [      2046] cuts =  0 [   0]

== RICHARDS FLOW ===============================================================
  0 2r: 7.32E-05 2x: 0.00E+00 2u: 0.00E+00 ir: 3.17E-06 iu: 0.00E+00 rsn:   0
  1 2r: 2.61E-07 2x: 1.29E+09 2u: 4.66E-02 ir: 2.98E-08 iu: 5.46E-04 rsn: stol

 Step     10 Time=  7.50000E-02 Dt=  1.00000E-02 [minute] conv_reason: 4
  newton =   1 [      10] linear =     1 [        10] cuts =  0 [   0]
  --> SNES Linear/Non-Linear Iterations = 1 / 1
  --> SNES Residual: 0.261397E-06 0.274525E-11 0.298023E-07
  --> max change: dpmx=   5.4603E-04

== GEOMECHANICS ================================================================

 Step     10 Time=  7.50000E-02 Dt=  1.00000E-02 [minute] conv_reason: 2
  linear =   226 [      2272] cuts =  0 [   0]

== RICHARDS FLOW ===============================================================
  0 2r: 7.32E-05 2x: 0.00E+00 2u: 0.00E+00 ir: 3.17E-06 iu: 0.00E+00 rsn:   0
  1 2r: 2.74E-07 2x: 1.29E+09 2u: 4.66E-02 ir: 1.49E-08 iu: 5.46E-04 rsn: stol

 Step     11 Time=  8.50000E-02 Dt=  1.00000E-02 [minute] conv_reason: 4
  newton =   1 [      11] linear =     1 [        11] cuts =  0 [   0]
  --> SNES Linear/Non-Linear Iterations = 1 / 1
  --> SNES Residual: 0.274225E-06 0.287997E-11 0.149012E-07
  --> max change: dpmx=   5.4600E-04

== GEOMECHANICS ================================================================

 Step     11 Time=  8.50000E-02 Dt=  1.00000E-02 [minute] conv_reason: 2
  linear =   262 [      2534] cuts =  0 [   0]

== RICHARDS FLOW ===============================================================
  0 2r: 7.32E-05 2x: 0.00E+00 2u: 0.00E+00 ir: 3.17E-06 iu: 0.00E+00 rsn:   0
  1 2r: 3.47E-07 2x: 1.29E+09 2u: 4.66E-02 ir: 1.49E-08 iu: 5.46E-04 rsn: stol

 Step     12 Time=  9.50000E-02 Dt=  1.00000E-02 [minute] conv_reason: 4
  newton =   1 [      12] linear =     1 [        12] cuts =  0 [   0]
  --> SNES Linear/Non-Linear Iterations = 1 / 1
  --> SNES Residual: 0.347492E-06 0.364944E-11 0.149012E-07
  --> max change: dpmx=   5.4600E-04

== GEOMECHANICS ================================================================

 Step     12 Time=  9.50000E-02 Dt=  1.00000E-02 [minute] conv_reason: 2
  linear =   232 [      2766] cuts =  0 [   0]

== RICHARDS FLOW ===============================================================
  0 2r: 7.32E-05 2x: 0.00E+00 2u: 0.00E+00 ir: 3.17E-06 iu: 0.00E+00 rsn:   0
  1 2r: 6.87E-07 2x: 1.29E+09 2u: 2.33E-02 ir: 4.47E-08 iu: 2.73E-04 rsn: stol

 Step     13 Time=  1.00000E-01 Dt=  5.00000E-03 [minute] conv_reason: 4
  newton =   1 [      13] linear =     1 [        13] cuts =  0 [   0]
  --> SNES Linear/Non-Linear Iterations = 1 / 1
  --> SNES Residual: 0.687056E-06 0.721561E-11 0.447035E-07
  --> max change: dpmx=   2.7310E-04

== GEOMECHANICS ================================================================

 Step     13 Time=  1.00000E-01 Dt=  5.00000E-03 [minute] conv_reason: 2
  linear =   217 [      2983] cuts =  0 [   0]
 --> creating hdf5 geomech output file: /home/kwesi/yaomesh/Pflotran_files_codes/preload_state-geomech.h5
 --> write xmf geomech output file: /home/kwesi/yaomesh/Pflotran_files_codes/preload_state-geomech-000.xmf

 --> appending to hdf5 output file: /home/kwesi/yaomesh/Pflotran_files_codes/preload_state.h5
      0.01 Seconds to write HDF5 file.

== RICHARDS FLOW ===============================================================
  0 2r: 7.31E-05 2x: 0.00E+00 2u: 0.00E+00 ir: 3.17E-06 iu: 0.00E+00 rsn:   0
  1 2r: 3.74E-07 2x: 1.29E+09 2u: 4.65E-02 ir: 1.49E-08 iu: 5.46E-04 rsn: stol

 Step     14 Time=  1.10000E-01 Dt=  1.00000E-02 [minute] conv_reason: 4
  newton =   1 [      14] linear =     1 [        14] cuts =  0 [   0]
  --> SNES Linear/Non-Linear Iterations = 1 / 1
  --> SNES Residual: 0.373953E-06 0.392734E-11 0.149012E-07
  --> max change: dpmx=   5.4600E-04

== GEOMECHANICS ================================================================

 Step     14 Time=  1.10000E-01 Dt=  1.00000E-02 [minute] conv_reason: 2
  linear =   194 [      3177] cuts =  0 [   0]

== RICHARDS FLOW ===============================================================
  0 2r: 7.31E-05 2x: 0.00E+00 2u: 0.00E+00 ir: 3.17E-06 iu: 0.00E+00 rsn:   0
  1 2r: 2.37E-07 2x: 1.29E+09 2u: 4.65E-02 ir: 1.49E-08 iu: 5.46E-04 rsn: stol

 Step     15 Time=  1.20000E-01 Dt=  1.00000E-02 [minute] conv_reason: 4
  newton =   1 [      15] linear =     1 [        15] cuts =  0 [   0]
  --> SNES Linear/Non-Linear Iterations = 1 / 1
  --> SNES Residual: 0.237030E-06 0.248934E-11 0.149012E-07
  --> max change: dpmx=   5.4600E-04

== GEOMECHANICS ================================================================

 Step     15 Time=  1.20000E-01 Dt=  1.00000E-02 [minute] conv_reason: 2
  linear =   247 [      3424] cuts =  0 [   0]

== RICHARDS FLOW ===============================================================
  0 2r: 7.31E-05 2x: 0.00E+00 2u: 0.00E+00 ir: 3.17E-06 iu: 0.00E+00 rsn:   0
  1 2r: 2.87E-07 2x: 1.29E+09 2u: 4.65E-02 ir: 1.49E-08 iu: 5.46E-04 rsn: stol

 Step     16 Time=  1.30000E-01 Dt=  1.00000E-02 [minute] conv_reason: 4
  newton =   1 [      16] linear =     1 [        16] cuts =  0 [   0]
  --> SNES Linear/Non-Linear Iterations = 1 / 1
  --> SNES Residual: 0.287238E-06 0.301664E-11 0.149012E-07
  --> max change: dpmx=   5.4598E-04

== GEOMECHANICS ================================================================

 Step     16 Time=  1.30000E-01 Dt=  1.00000E-02 [minute] conv_reason: 2
  linear =   209 [      3633] cuts =  0 [   0]

== RICHARDS FLOW ===============================================================
  0 2r: 7.31E-05 2x: 0.00E+00 2u: 0.00E+00 ir: 3.17E-06 iu: 0.00E+00 rsn:   0
  1 2r: 5.22E-07 2x: 1.29E+09 2u: 4.65E-02 ir: 2.98E-08 iu: 5.46E-04 rsn: stol

 Step     17 Time=  1.40000E-01 Dt=  1.00000E-02 [minute] conv_reason: 4
  newton =   1 [      17] linear =     1 [        17] cuts =  0 [   0]
  --> SNES Linear/Non-Linear Iterations = 1 / 1
  --> SNES Residual: 0.522464E-06 0.548703E-11 0.298023E-07
  --> max change: dpmx=   5.4598E-04

== GEOMECHANICS ================================================================

 Step     17 Time=  1.40000E-01 Dt=  1.00000E-02 [minute] conv_reason: 2
  linear =   225 [      3858] cuts =  0 [   0]

== RICHARDS FLOW ===============================================================
  0 2r: 7.30E-05 2x: 0.00E+00 2u: 0.00E+00 ir: 3.17E-06 iu: 0.00E+00 rsn:   0
  1 2r: 2.36E-07 2x: 1.29E+09 2u: 4.64E-02 ir: 2.98E-08 iu: 5.46E-04 rsn: stol

 Step     18 Time=  1.50000E-01 Dt=  1.00000E-02 [minute] conv_reason: 4
  newton =   1 [      18] linear =     1 [        18] cuts =  0 [   0]
  --> SNES Linear/Non-Linear Iterations = 1 / 1
  --> SNES Residual: 0.236007E-06 0.247860E-11 0.298023E-07
  --> max change: dpmx=   5.4596E-04

== GEOMECHANICS ================================================================

 Step     18 Time=  1.50000E-01 Dt=  1.00000E-02 [minute] conv_reason: 2
  linear =   244 [      4102] cuts =  0 [   0]

== RICHARDS FLOW ===============================================================
  0 2r: 7.30E-05 2x: 0.00E+00 2u: 0.00E+00 ir: 3.17E-06 iu: 0.00E+00 rsn:   0
  1 2r: 5.41E-07 2x: 1.29E+09 2u: 4.64E-02 ir: 2.98E-08 iu: 5.46E-04 rsn: stol

 Step     19 Time=  1.60000E-01 Dt=  1.00000E-02 [minute] conv_reason: 4
  newton =   1 [      19] linear =     1 [        19] cuts =  0 [   0]
  --> SNES Linear/Non-Linear Iterations = 1 / 1
  --> SNES Residual: 0.541407E-06 0.568597E-11 0.298023E-07
  --> max change: dpmx=   5.4596E-04

== GEOMECHANICS ================================================================

 Step     19 Time=  1.60000E-01 Dt=  1.00000E-02 [minute] conv_reason: 2
  linear =   196 [      4298] cuts =  0 [   0]

== RICHARDS FLOW ===============================================================
  0 2r: 7.30E-05 2x: 0.00E+00 2u: 0.00E+00 ir: 3.17E-06 iu: 0.00E+00 rsn:   0
  1 2r: 3.93E-07 2x: 1.29E+09 2u: 4.64E-02 ir: 1.49E-08 iu: 5.46E-04 rsn: stol

 Step     20 Time=  1.70000E-01 Dt=  1.00000E-02 [minute] conv_reason: 4
  newton =   1 [      20] linear =     1 [        20] cuts =  0 [   0]
  --> SNES Linear/Non-Linear Iterations = 1 / 1
  --> SNES Residual: 0.392572E-06 0.412287E-11 0.149012E-07
  --> max change: dpmx=   5.4596E-04

== GEOMECHANICS ================================================================

 Step     20 Time=  1.70000E-01 Dt=  1.00000E-02 [minute] conv_reason: 2
  linear =   251 [      4549] cuts =  0 [   0]

== RICHARDS FLOW ===============================================================
  0 2r: 7.30E-05 2x: 0.00E+00 2u: 0.00E+00 ir: 3.17E-06 iu: 0.00E+00 rsn:   0
  1 2r: 4.01E-07 2x: 1.29E+09 2u: 4.64E-02 ir: 4.47E-08 iu: 5.46E-04 rsn: stol

 Step     21 Time=  1.80000E-01 Dt=  1.00000E-02 [minute] conv_reason: 4
  newton =   1 [      21] linear =     1 [        21] cuts =  0 [   0]
  --> SNES Linear/Non-Linear Iterations = 1 / 1
  --> SNES Residual: 0.401239E-06 0.421390E-11 0.447035E-07
  --> max change: dpmx=   5.4595E-04

== GEOMECHANICS ================================================================

 Step     21 Time=  1.80000E-01 Dt=  1.00000E-02 [minute] conv_reason: 2
  linear =   231 [      4780] cuts =  0 [   0]

== RICHARDS FLOW ===============================================================
  0 2r: 7.30E-05 2x: 0.00E+00 2u: 0.00E+00 ir: 3.17E-06 iu: 0.00E+00 rsn:   0
  1 2r: 2.58E-07 2x: 1.29E+09 2u: 4.64E-02 ir: 2.24E-08 iu: 5.46E-04 rsn: stol

 Step     22 Time=  1.90000E-01 Dt=  1.00000E-02 [minute] conv_reason: 4
  newton =   1 [      22] linear =     1 [        22] cuts =  0 [   0]
  --> SNES Linear/Non-Linear Iterations = 1 / 1
  --> SNES Residual: 0.257573E-06 0.270509E-11 0.223517E-07
  --> max change: dpmx=   5.4593E-04

== GEOMECHANICS ================================================================

 Step     22 Time=  1.90000E-01 Dt=  1.00000E-02 [minute] conv_reason: 2
  linear =   279 [      5059] cuts =  0 [   0]

== RICHARDS FLOW ===============================================================
  0 2r: 7.29E-05 2x: 0.00E+00 2u: 0.00E+00 ir: 3.17E-06 iu: 0.00E+00 rsn:   0
  1 2r: 3.48E-07 2x: 1.29E+09 2u: 4.64E-02 ir: 1.49E-08 iu: 5.46E-04 rsn: stol

 Step     23 Time=  2.00000E-01 Dt=  1.00000E-02 [minute] conv_reason: 4
  newton =   1 [      23] linear =     1 [        23] cuts =  0 [   0]
  --> SNES Linear/Non-Linear Iterations = 1 / 1
  --> SNES Residual: 0.347721E-06 0.365184E-11 0.149012E-07
  --> max change: dpmx=   5.4593E-04

== GEOMECHANICS ================================================================

 Step     23 Time=  2.00000E-01 Dt=  1.00000E-02 [minute] conv_reason: 2
  linear =   216 [      5275] cuts =  0 [   0]

== RICHARDS FLOW ===============================================================
  0 2r: 7.29E-05 2x: 0.00E+00 2u: 0.00E+00 ir: 3.17E-06 iu: 0.00E+00 rsn:   0
  1 2r: 3.93E-07 2x: 1.29E+09 2u: 4.63E-02 ir: 2.98E-08 iu: 5.46E-04 rsn: stol

 Step     24 Time=  2.10000E-01 Dt=  1.00000E-02 [minute] conv_reason: 4
  newton =   1 [      24] linear =     1 [        24] cuts =  0 [   0]
  --> SNES Linear/Non-Linear Iterations = 1 / 1
  --> SNES Residual: 0.392923E-06 0.412656E-11 0.298023E-07
  --> max change: dpmx=   5.4593E-04

== GEOMECHANICS ================================================================

 Step     24 Time=  2.10000E-01 Dt=  1.00000E-02 [minute] conv_reason: 2
  linear =   220 [      5495] cuts =  0 [   0]

== RICHARDS FLOW ===============================================================
  0 2r: 7.29E-05 2x: 0.00E+00 2u: 0.00E+00 ir: 3.17E-06 iu: 0.00E+00 rsn:   0
  1 2r: 3.40E-07 2x: 1.29E+09 2u: 4.63E-02 ir: 2.98E-08 iu: 5.46E-04 rsn: stol

 Step     25 Time=  2.20000E-01 Dt=  1.00000E-02 [minute] conv_reason: 4
  newton =   1 [      25] linear =     1 [        25] cuts =  0 [   0]
  --> SNES Linear/Non-Linear Iterations = 1 / 1
  --> SNES Residual: 0.339659E-06 0.356717E-11 0.298023E-07
  --> max change: dpmx=   5.4592E-04

== GEOMECHANICS ================================================================

 Step     25 Time=  2.20000E-01 Dt=  1.00000E-02 [minute] conv_reason: 2
  linear =   210 [      5705] cuts =  0 [   0]

== RICHARDS FLOW ===============================================================
  0 2r: 7.29E-05 2x: 0.00E+00 2u: 0.00E+00 ir: 3.17E-06 iu: 0.00E+00 rsn:   0
  1 2r: 3.96E-07 2x: 1.29E+09 2u: 4.63E-02 ir: 2.98E-08 iu: 5.46E-04 rsn: stol

 Step     26 Time=  2.30000E-01 Dt=  1.00000E-02 [minute] conv_reason: 4
  newton =   1 [      26] linear =     1 [        26] cuts =  0 [   0]
  --> SNES Linear/Non-Linear Iterations = 1 / 1
  --> SNES Residual: 0.396155E-06 0.416050E-11 0.298023E-07
  --> max change: dpmx=   5.4590E-04

== GEOMECHANICS ================================================================

 Step     26 Time=  2.30000E-01 Dt=  1.00000E-02 [minute] conv_reason: 2
  linear =   218 [      5923] cuts =  0 [   0]

== RICHARDS FLOW ===============================================================
  0 2r: 7.29E-05 2x: 0.00E+00 2u: 0.00E+00 ir: 3.17E-06 iu: 0.00E+00 rsn:   0
  1 2r: 5.65E-07 2x: 1.29E+09 2u: 4.63E-02 ir: 1.49E-08 iu: 5.46E-04 rsn: stol

 Step     27 Time=  2.40000E-01 Dt=  1.00000E-02 [minute] conv_reason: 4
  newton =   1 [      27] linear =     1 [        27] cuts =  0 [   0]
  --> SNES Linear/Non-Linear Iterations = 1 / 1
  --> SNES Residual: 0.565367E-06 0.593760E-11 0.149012E-07
  --> max change: dpmx=   5.4589E-04

== GEOMECHANICS ================================================================

 Step     27 Time=  2.40000E-01 Dt=  1.00000E-02 [minute] conv_reason: 2
  linear =   189 [      6112] cuts =  0 [   0]

== RICHARDS FLOW ===============================================================
  0 2r: 7.28E-05 2x: 0.00E+00 2u: 0.00E+00 ir: 3.17E-06 iu: 0.00E+00 rsn:   0
  1 2r: 2.87E-07 2x: 1.29E+09 2u: 4.63E-02 ir: 2.98E-08 iu: 5.46E-04 rsn: stol

 Step     28 Time=  2.50000E-01 Dt=  1.00000E-02 [minute] conv_reason: 4
  newton =   1 [      28] linear =     1 [        28] cuts =  0 [   0]
  --> SNES Linear/Non-Linear Iterations = 1 / 1
  --> SNES Residual: 0.287408E-06 0.301842E-11 0.298023E-07
  --> max change: dpmx=   5.4589E-04

== GEOMECHANICS ================================================================

 Step     28 Time=  2.50000E-01 Dt=  1.00000E-02 [minute] conv_reason: 2
  linear =   239 [      6351] cuts =  0 [   0]
 --> appending to hdf5 geomech output file: /home/kwesi/yaomesh/Pflotran_files_codes/preload_state-geomech.h5
 --> write xmf geomech output file: /home/kwesi/yaomesh/Pflotran_files_codes/preload_state-geomech-001.xmf

 --> appending to hdf5 output file: /home/kwesi/yaomesh/Pflotran_files_codes/preload_state.h5
      0.02 Seconds to write HDF5 file.

== RICHARDS FLOW ===============================================================
  0 2r: 7.28E-05 2x: 0.00E+00 2u: 0.00E+00 ir: 3.17E-06 iu: 0.00E+00 rsn:   0
  1 2r: 3.93E-07 2x: 1.29E+09 2u: 4.63E-02 ir: 2.98E-08 iu: 5.46E-04 rsn: stol

 Step     29 Time=  2.60000E-01 Dt=  1.00000E-02 [minute] conv_reason: 4
  newton =   1 [      29] linear =     1 [        29] cuts =  0 [   0]
  --> SNES Linear/Non-Linear Iterations = 1 / 1
  --> SNES Residual: 0.392583E-06 0.412299E-11 0.298023E-07
  --> max change: dpmx=   5.4589E-04

== GEOMECHANICS ================================================================

 Step     29 Time=  2.60000E-01 Dt=  1.00000E-02 [minute] conv_reason: 2
  linear =   227 [      6578] cuts =  0 [   0]

== RICHARDS FLOW ===============================================================
  0 2r: 7.28E-05 2x: 0.00E+00 2u: 0.00E+00 ir: 3.17E-06 iu: 0.00E+00 rsn:   0
  1 2r: 3.14E-07 2x: 1.29E+09 2u: 4.63E-02 ir: 4.47E-08 iu: 5.46E-04 rsn: stol

 Step     30 Time=  2.70000E-01 Dt=  1.00000E-02 [minute] conv_reason: 4
  newton =   1 [      30] linear =     1 [        30] cuts =  0 [   0]
  --> SNES Linear/Non-Linear Iterations = 1 / 1
  --> SNES Residual: 0.313873E-06 0.329636E-11 0.447035E-07
  --> max change: dpmx=   5.4587E-04

== GEOMECHANICS ================================================================

 Step     30 Time=  2.70000E-01 Dt=  1.00000E-02 [minute] conv_reason: 2
  linear =   208 [      6786] cuts =  0 [   0]

== RICHARDS FLOW ===============================================================
  0 2r: 7.28E-05 2x: 0.00E+00 2u: 0.00E+00 ir: 3.17E-06 iu: 0.00E+00 rsn:   0
  1 2r: 2.91E-07 2x: 1.29E+09 2u: 4.63E-02 ir: 1.49E-08 iu: 5.46E-04 rsn: stol

 Step     31 Time=  2.80000E-01 Dt=  1.00000E-02 [minute] conv_reason: 4
  newton =   1 [      31] linear =     1 [        31] cuts =  0 [   0]
  --> SNES Linear/Non-Linear Iterations = 1 / 1
  --> SNES Residual: 0.290715E-06 0.305315E-11 0.149012E-07
  --> max change: dpmx=   5.4587E-04

== GEOMECHANICS ================================================================

 Step     31 Time=  2.80000E-01 Dt=  1.00000E-02 [minute] conv_reason: 2
  linear =   250 [      7036] cuts =  0 [   0]

== RICHARDS FLOW ===============================================================
  0 2r: 7.28E-05 2x: 0.00E+00 2u: 0.00E+00 ir: 3.17E-06 iu: 0.00E+00 rsn:   0
  1 2r: 3.47E-07 2x: 1.29E+09 2u: 4.62E-02 ir: 1.49E-08 iu: 5.46E-04 rsn: stol

 Step     32 Time=  2.90000E-01 Dt=  1.00000E-02 [minute] conv_reason: 4
  newton =   1 [      32] linear =     1 [        32] cuts =  0 [   0]
  --> SNES Linear/Non-Linear Iterations = 1 / 1
  --> SNES Residual: 0.347429E-06 0.364878E-11 0.149012E-07
  --> max change: dpmx=   5.4587E-04

== GEOMECHANICS ================================================================

 Step     32 Time=  2.90000E-01 Dt=  1.00000E-02 [minute] conv_reason: 2
  linear =   243 [      7279] cuts =  0 [   0]

== RICHARDS FLOW ===============================================================
  0 2r: 7.28E-05 2x: 0.00E+00 2u: 0.00E+00 ir: 3.17E-06 iu: 0.00E+00 rsn:   0
  1 2r: 3.34E-07 2x: 1.29E+09 2u: 4.62E-02 ir: 2.98E-08 iu: 5.46E-04 rsn: stol

 Step     33 Time=  3.00000E-01 Dt=  1.00000E-02 [minute] conv_reason: 4
  newton =   1 [      33] linear =     1 [        33] cuts =  0 [   0]
  --> SNES Linear/Non-Linear Iterations = 1 / 1
  --> SNES Residual: 0.334339E-06 0.351130E-11 0.298023E-07
  --> max change: dpmx=   5.4585E-04

== GEOMECHANICS ================================================================

 Step     33 Time=  3.00000E-01 Dt=  1.00000E-02 [minute] conv_reason: 2
  linear =   215 [      7494] cuts =  0 [   0]

== RICHARDS FLOW ===============================================================
  0 2r: 7.28E-05 2x: 0.00E+00 2u: 0.00E+00 ir: 3.17E-06 iu: 0.00E+00 rsn:   0
  1 2r: 3.00E-07 2x: 1.29E+09 2u: 4.62E-02 ir: 2.98E-08 iu: 5.46E-04 rsn: stol

 Step     34 Time=  3.10000E-01 Dt=  1.00000E-02 [minute] conv_reason: 4
  newton =   1 [      34] linear =     1 [        34] cuts =  0 [   0]
  --> SNES Linear/Non-Linear Iterations = 1 / 1
  --> SNES Residual: 0.300044E-06 0.315113E-11 0.298023E-07
  --> max change: dpmx=   5.4585E-04

== GEOMECHANICS ================================================================

 Step     34 Time=  3.10000E-01 Dt=  1.00000E-02 [minute] conv_reason: 2
  linear =   196 [      7690] cuts =  0 [   0]

== RICHARDS FLOW ===============================================================
  0 2r: 7.27E-05 2x: 0.00E+00 2u: 0.00E+00 ir: 3.17E-06 iu: 0.00E+00 rsn:   0
  1 2r: 4.98E-07 2x: 1.29E+09 2u: 4.62E-02 ir: 2.98E-08 iu: 5.46E-04 rsn: stol

 Step     35 Time=  3.20000E-01 Dt=  1.00000E-02 [minute] conv_reason: 4
  newton =   1 [      35] linear =     1 [        35] cuts =  0 [   0]
  --> SNES Linear/Non-Linear Iterations = 1 / 1
  --> SNES Residual: 0.497811E-06 0.522812E-11 0.298023E-07
  --> max change: dpmx=   5.4583E-04

== GEOMECHANICS ================================================================

 Step     35 Time=  3.20000E-01 Dt=  1.00000E-02 [minute] conv_reason: 2
  linear =   206 [      7896] cuts =  0 [   0]

== RICHARDS FLOW ===============================================================
  0 2r: 7.27E-05 2x: 0.00E+00 2u: 0.00E+00 ir: 3.17E-06 iu: 0.00E+00 rsn:   0
  1 2r: 4.90E-07 2x: 1.29E+09 2u: 4.62E-02 ir: 1.49E-08 iu: 5.46E-04 rsn: stol

 Step     36 Time=  3.30000E-01 Dt=  1.00000E-02 [minute] conv_reason: 4
  newton =   1 [      36] linear =     1 [        36] cuts =  0 [   0]
  --> SNES Linear/Non-Linear Iterations = 1 / 1
  --> SNES Residual: 0.489510E-06 0.514094E-11 0.149012E-07
  --> max change: dpmx=   5.4583E-04

== GEOMECHANICS ================================================================

 Step     36 Time=  3.30000E-01 Dt=  1.00000E-02 [minute] conv_reason: 2
  linear =   211 [      8107] cuts =  0 [   0]

== RICHARDS FLOW ===============================================================
  0 2r: 7.27E-05 2x: 0.00E+00 2u: 0.00E+00 ir: 3.17E-06 iu: 0.00E+00 rsn:   0
  1 2r: 3.18E-07 2x: 1.29E+09 2u: 4.62E-02 ir: 1.49E-08 iu: 5.46E-04 rsn: stol

 Step     37 Time=  3.40000E-01 Dt=  1.00000E-02 [minute] conv_reason: 4
  newton =   1 [      37] linear =     1 [        37] cuts =  0 [   0]
  --> SNES Linear/Non-Linear Iterations = 1 / 1
  --> SNES Residual: 0.317553E-06 0.333501E-11 0.149012E-07
  --> max change: dpmx=   5.4583E-04

== GEOMECHANICS ================================================================

 Step     37 Time=  3.40000E-01 Dt=  1.00000E-02 [minute] conv_reason: 2
  linear =   199 [      8306] cuts =  0 [   0]

== RICHARDS FLOW ===============================================================
  0 2r: 7.27E-05 2x: 0.00E+00 2u: 0.00E+00 ir: 3.17E-06 iu: 0.00E+00 rsn:   0
  1 2r: 4.28E-07 2x: 1.29E+09 2u: 4.62E-02 ir: 2.98E-08 iu: 5.46E-04 rsn: stol

 Step     38 Time=  3.50000E-01 Dt=  1.00000E-02 [minute] conv_reason: 4
  newton =   1 [      38] linear =     1 [        38] cuts =  0 [   0]
  --> SNES Linear/Non-Linear Iterations = 1 / 1
  --> SNES Residual: 0.428104E-06 0.449604E-11 0.298023E-07
  --> max change: dpmx=   5.4583E-04

== GEOMECHANICS ================================================================

 Step     38 Time=  3.50000E-01 Dt=  1.00000E-02 [minute] conv_reason: 2
  linear =   193 [      8499] cuts =  0 [   0]

== RICHARDS FLOW ===============================================================
  0 2r: 7.27E-05 2x: 0.00E+00 2u: 0.00E+00 ir: 3.17E-06 iu: 0.00E+00 rsn:   0
  1 2r: 3.92E-07 2x: 1.29E+09 2u: 4.62E-02 ir: 4.47E-08 iu: 5.46E-04 rsn: stol

 Step     39 Time=  3.60000E-01 Dt=  1.00000E-02 [minute] conv_reason: 4
  newton =   1 [      39] linear =     1 [        39] cuts =  0 [   0]
  --> SNES Linear/Non-Linear Iterations = 1 / 1
  --> SNES Residual: 0.391797E-06 0.411474E-11 0.447035E-07
  --> max change: dpmx=   5.4582E-04

== GEOMECHANICS ================================================================

 Step     39 Time=  3.60000E-01 Dt=  1.00000E-02 [minute] conv_reason: 2
  linear =   200 [      8699] cuts =  0 [   0]

== RICHARDS FLOW ===============================================================
  0 2r: 7.27E-05 2x: 0.00E+00 2u: 0.00E+00 ir: 3.17E-06 iu: 0.00E+00 rsn:   0
  1 2r: 5.15E-07 2x: 1.29E+09 2u: 4.62E-02 ir: 2.98E-08 iu: 5.46E-04 rsn: stol

 Step     40 Time=  3.70000E-01 Dt=  1.00000E-02 [minute] conv_reason: 4
  newton =   1 [      40] linear =     1 [        40] cuts =  0 [   0]
  --> SNES Linear/Non-Linear Iterations = 1 / 1
  --> SNES Residual: 0.514686E-06 0.540534E-11 0.298023E-07
  --> max change: dpmx=   5.4580E-04

== GEOMECHANICS ================================================================

 Step     40 Time=  3.70000E-01 Dt=  1.00000E-02 [minute] conv_reason: 2
  linear =   193 [      8892] cuts =  0 [   0]

== RICHARDS FLOW ===============================================================
  0 2r: 7.27E-05 2x: 0.00E+00 2u: 0.00E+00 ir: 3.17E-06 iu: 0.00E+00 rsn:   0
  1 2r: 3.17E-07 2x: 1.29E+09 2u: 4.62E-02 ir: 1.49E-08 iu: 5.46E-04 rsn: stol

 Step     41 Time=  3.80000E-01 Dt=  1.00000E-02 [minute] conv_reason: 4
  newton =   1 [      41] linear =     1 [        41] cuts =  0 [   0]
  --> SNES Linear/Non-Linear Iterations = 1 / 1
  --> SNES Residual: 0.317188E-06 0.333118E-11 0.149012E-07
  --> max change: dpmx=   5.4580E-04

== GEOMECHANICS ================================================================

 Step     41 Time=  3.80000E-01 Dt=  1.00000E-02 [minute] conv_reason: 2
  linear =   227 [      9119] cuts =  0 [   0]

== RICHARDS FLOW ===============================================================
  0 2r: 7.27E-05 2x: 0.00E+00 2u: 0.00E+00 ir: 3.17E-06 iu: 0.00E+00 rsn:   0
  1 2r: 3.07E-07 2x: 1.29E+09 2u: 4.62E-02 ir: 2.24E-08 iu: 5.46E-04 rsn: stol

 Step     42 Time=  3.90000E-01 Dt=  1.00000E-02 [minute] conv_reason: 4
  newton =   1 [      42] linear =     1 [        42] cuts =  0 [   0]
  --> SNES Linear/Non-Linear Iterations = 1 / 1
  --> SNES Residual: 0.307015E-06 0.322433E-11 0.223517E-07
  --> max change: dpmx=   5.4578E-04

== GEOMECHANICS ================================================================

 Step     42 Time=  3.90000E-01 Dt=  1.00000E-02 [minute] conv_reason: 2
  linear =   209 [      9328] cuts =  0 [   0]

== RICHARDS FLOW ===============================================================
  0 2r: 7.27E-05 2x: 0.00E+00 2u: 0.00E+00 ir: 3.17E-06 iu: 0.00E+00 rsn:   0
  1 2r: 5.70E-07 2x: 1.29E+09 2u: 4.62E-02 ir: 1.49E-08 iu: 5.46E-04 rsn: stol

 Step     43 Time=  4.00000E-01 Dt=  1.00000E-02 [minute] conv_reason: 4
  newton =   1 [      43] linear =     1 [        43] cuts =  0 [   0]
  --> SNES Linear/Non-Linear Iterations = 1 / 1
  --> SNES Residual: 0.569656E-06 0.598265E-11 0.149012E-07
  --> max change: dpmx=   5.4578E-04

== GEOMECHANICS ================================================================

 Step     43 Time=  4.00000E-01 Dt=  1.00000E-02 [minute] conv_reason: 2
  linear =   225 [      9553] cuts =  0 [   0]

== RICHARDS FLOW ===============================================================
  0 2r: 7.26E-05 2x: 0.00E+00 2u: 0.00E+00 ir: 3.17E-06 iu: 0.00E+00 rsn:   0
  1 2r: 3.56E-07 2x: 1.29E+09 2u: 4.61E-02 ir: 2.98E-08 iu: 5.46E-04 rsn: stol

 Step     44 Time=  4.10000E-01 Dt=  1.00000E-02 [minute] conv_reason: 4
  newton =   1 [      44] linear =     1 [        44] cuts =  0 [   0]
  --> SNES Linear/Non-Linear Iterations = 1 / 1
  --> SNES Residual: 0.355828E-06 0.373698E-11 0.298023E-07
  --> max change: dpmx=   5.4576E-04

== GEOMECHANICS ================================================================

 Step     44 Time=  4.10000E-01 Dt=  1.00000E-02 [minute] conv_reason: 2
  linear =   215 [      9768] cuts =  0 [   0]

== RICHARDS FLOW ===============================================================
  0 2r: 7.26E-05 2x: 0.00E+00 2u: 0.00E+00 ir: 3.17E-06 iu: 0.00E+00 rsn:   0
  1 2r: 3.28E-07 2x: 1.29E+09 2u: 4.61E-02 ir: 4.47E-08 iu: 5.46E-04 rsn: stol

 Step     45 Time=  4.20000E-01 Dt=  1.00000E-02 [minute] conv_reason: 4
  newton =   1 [      45] linear =     1 [        45] cuts =  0 [   0]
  --> SNES Linear/Non-Linear Iterations = 1 / 1
  --> SNES Residual: 0.328260E-06 0.344746E-11 0.447035E-07
  --> max change: dpmx=   5.4575E-04

== GEOMECHANICS ================================================================

 Step     45 Time=  4.20000E-01 Dt=  1.00000E-02 [minute] conv_reason: 2
  linear =   257 [     10025] cuts =  0 [   0]

== RICHARDS FLOW ===============================================================
  0 2r: 7.26E-05 2x: 0.00E+00 2u: 0.00E+00 ir: 3.17E-06 iu: 0.00E+00 rsn:   0
  1 2r: 2.79E-07 2x: 1.29E+09 2u: 4.61E-02 ir: 1.49E-08 iu: 5.46E-04 rsn: stol

 Step     46 Time=  4.30000E-01 Dt=  1.00000E-02 [minute] conv_reason: 4
  newton =   1 [      46] linear =     1 [        46] cuts =  0 [   0]
  --> SNES Linear/Non-Linear Iterations = 1 / 1
  --> SNES Residual: 0.279093E-06 0.293109E-11 0.149012E-07
  --> max change: dpmx=   5.4575E-04

== GEOMECHANICS ================================================================

 Step     46 Time=  4.30000E-01 Dt=  1.00000E-02 [minute] conv_reason: 2
  linear =   213 [     10238] cuts =  0 [   0]

== RICHARDS FLOW ===============================================================
  0 2r: 7.26E-05 2x: 0.00E+00 2u: 0.00E+00 ir: 3.17E-06 iu: 0.00E+00 rsn:   0
  1 2r: 3.46E-07 2x: 1.29E+09 2u: 4.61E-02 ir: 2.24E-08 iu: 5.46E-04 rsn: stol

 Step     47 Time=  4.40000E-01 Dt=  1.00000E-02 [minute] conv_reason: 4
  newton =   1 [      47] linear =     1 [        47] cuts =  0 [   0]
  --> SNES Linear/Non-Linear Iterations = 1 / 1
  --> SNES Residual: 0.345696E-06 0.363057E-11 0.223517E-07
  --> max change: dpmx=   5.4575E-04

== GEOMECHANICS ================================================================

 Step     47 Time=  4.40000E-01 Dt=  1.00000E-02 [minute] conv_reason: 2
  linear =   229 [     10467] cuts =  0 [   0]

== RICHARDS FLOW ===============================================================
  0 2r: 7.26E-05 2x: 0.00E+00 2u: 0.00E+00 ir: 3.17E-06 iu: 0.00E+00 rsn:   0
  1 2r: 2.54E-07 2x: 1.29E+09 2u: 4.61E-02 ir: 2.98E-08 iu: 5.46E-04 rsn: stol

 Step     48 Time=  4.50000E-01 Dt=  1.00000E-02 [minute] conv_reason: 4
  newton =   1 [      48] linear =     1 [        48] cuts =  0 [   0]
  --> SNES Linear/Non-Linear Iterations = 1 / 1
  --> SNES Residual: 0.253822E-06 0.266570E-11 0.298023E-07
  --> max change: dpmx=   5.4574E-04

== GEOMECHANICS ================================================================

 Step     48 Time=  4.50000E-01 Dt=  1.00000E-02 [minute] conv_reason: 2
  linear =   204 [     10671] cuts =  0 [   0]

== RICHARDS FLOW ===============================================================
  0 2r: 7.26E-05 2x: 0.00E+00 2u: 0.00E+00 ir: 3.17E-06 iu: 0.00E+00 rsn:   0
  1 2r: 5.54E-07 2x: 1.29E+09 2u: 4.61E-02 ir: 2.98E-08 iu: 5.46E-04 rsn: stol

 Step     49 Time=  4.60000E-01 Dt=  1.00000E-02 [minute] conv_reason: 4
  newton =   1 [      49] linear =     1 [        49] cuts =  0 [   0]
  --> SNES Linear/Non-Linear Iterations = 1 / 1
  --> SNES Residual: 0.553792E-06 0.581604E-11 0.298023E-07
  --> max change: dpmx=   5.4573E-04

== GEOMECHANICS ================================================================

 Step     49 Time=  4.60000E-01 Dt=  1.00000E-02 [minute] conv_reason: 2
  linear =   256 [     10927] cuts =  0 [   0]

== RICHARDS FLOW ===============================================================
  0 2r: 7.26E-05 2x: 0.00E+00 2u: 0.00E+00 ir: 3.17E-06 iu: 0.00E+00 rsn:   0
  1 2r: 3.65E-07 2x: 1.29E+09 2u: 4.61E-02 ir: 1.49E-08 iu: 5.46E-04 rsn: stol

 Step     50 Time=  4.70000E-01 Dt=  1.00000E-02 [minute] conv_reason: 4
  newton =   1 [      50] linear =     1 [        50] cuts =  0 [   0]
  --> SNES Linear/Non-Linear Iterations = 1 / 1
  --> SNES Residual: 0.364944E-06 0.383272E-11 0.149012E-07
  --> max change: dpmx=   5.4573E-04

== GEOMECHANICS ================================================================

 Step     50 Time=  4.70000E-01 Dt=  1.00000E-02 [minute] conv_reason: 2
  linear =   211 [     11138] cuts =  0 [   0]

== RICHARDS FLOW ===============================================================
  0 2r: 7.26E-05 2x: 0.00E+00 2u: 0.00E+00 ir: 3.17E-06 iu: 0.00E+00 rsn:   0
  1 2r: 3.70E-07 2x: 1.29E+09 2u: 4.61E-02 ir: 2.98E-08 iu: 5.46E-04 rsn: stol

 Step     51 Time=  4.80000E-01 Dt=  1.00000E-02 [minute] conv_reason: 4
  newton =   1 [      51] linear =     1 [        51] cuts =  0 [   0]
  --> SNES Linear/Non-Linear Iterations = 1 / 1
  --> SNES Residual: 0.369803E-06 0.388376E-11 0.298023E-07
  --> max change: dpmx=   5.4572E-04

== GEOMECHANICS ================================================================

 Step     51 Time=  4.80000E-01 Dt=  1.00000E-02 [minute] conv_reason: 2
  linear =   204 [     11342] cuts =  0 [   0]

== RICHARDS FLOW ===============================================================
  0 2r: 7.26E-05 2x: 0.00E+00 2u: 0.00E+00 ir: 3.17E-06 iu: 0.00E+00 rsn:   0
  1 2r: 3.34E-07 2x: 1.29E+09 2u: 4.61E-02 ir: 2.98E-08 iu: 5.46E-04 rsn: stol

 Step     52 Time=  4.90000E-01 Dt=  1.00000E-02 [minute] conv_reason: 4
  newton =   1 [      52] linear =     1 [        52] cuts =  0 [   0]
  --> SNES Linear/Non-Linear Iterations = 1 / 1
  --> SNES Residual: 0.333650E-06 0.350406E-11 0.298023E-07
  --> max change: dpmx=   5.4570E-04

== GEOMECHANICS ================================================================

 Step     52 Time=  4.90000E-01 Dt=  1.00000E-02 [minute] conv_reason: 2
  linear =   219 [     11561] cuts =  0 [   0]

== RICHARDS FLOW ===============================================================
  0 2r: 7.26E-05 2x: 0.00E+00 2u: 0.00E+00 ir: 3.17E-06 iu: 0.00E+00 rsn:   0
  1 2r: 2.82E-07 2x: 1.29E+09 2u: 4.61E-02 ir: 4.47E-08 iu: 5.46E-04 rsn: stol

 Step     53 Time=  5.00000E-01 Dt=  1.00000E-02 [minute] conv_reason: 4
  newton =   1 [      53] linear =     1 [        53] cuts =  0 [   0]
  --> SNES Linear/Non-Linear Iterations = 1 / 1
  --> SNES Residual: 0.282238E-06 0.296413E-11 0.447035E-07
  --> max change: dpmx=   5.4569E-04

== GEOMECHANICS ================================================================

 Step     53 Time=  5.00000E-01 Dt=  1.00000E-02 [minute] conv_reason: 2
  linear =   206 [     11767] cuts =  0 [   0]
 --> appending to hdf5 geomech output file: /home/kwesi/yaomesh/Pflotran_files_codes/preload_state-geomech.h5
 --> write xmf geomech output file: /home/kwesi/yaomesh/Pflotran_files_codes/preload_state-geomech-002.xmf

 --> appending to hdf5 output file: /home/kwesi/yaomesh/Pflotran_files_codes/preload_state.h5
      0.01 Seconds to write HDF5 file.

== RICHARDS FLOW ===============================================================
  0 2r: 7.26E-05 2x: 0.00E+00 2u: 0.00E+00 ir: 3.17E-06 iu: 0.00E+00 rsn:   0
  1 2r: 3.23E-07 2x: 1.29E+09 2u: 4.61E-02 ir: 1.49E-08 iu: 5.46E-04 rsn: stol

 Step     54 Time=  5.10000E-01 Dt=  1.00000E-02 [minute] conv_reason: 4
  newton =   1 [      54] linear =     1 [        54] cuts =  0 [   0]
  --> SNES Linear/Non-Linear Iterations = 1 / 1
  --> SNES Residual: 0.323385E-06 0.339626E-11 0.149012E-07
  --> max change: dpmx=   5.4569E-04

== GEOMECHANICS ================================================================

 Step     54 Time=  5.10000E-01 Dt=  1.00000E-02 [minute] conv_reason: 2
  linear =   220 [     11987] cuts =  0 [   0]

== RICHARDS FLOW ===============================================================
  0 2r: 7.26E-05 2x: 0.00E+00 2u: 0.00E+00 ir: 3.17E-06 iu: 0.00E+00 rsn:   0
  1 2r: 3.45E-07 2x: 1.29E+09 2u: 4.61E-02 ir: 2.24E-08 iu: 5.46E-04 rsn: stol

 Step     55 Time=  5.20000E-01 Dt=  1.00000E-02 [minute] conv_reason: 4
  newton =   1 [      55] linear =     1 [        55] cuts =  0 [   0]
  --> SNES Linear/Non-Linear Iterations = 1 / 1
  --> SNES Residual: 0.344878E-06 0.362198E-11 0.223517E-07
  --> max change: dpmx=   5.4569E-04

== GEOMECHANICS ================================================================

 Step     55 Time=  5.20000E-01 Dt=  1.00000E-02 [minute] conv_reason: 2
  linear =   218 [     12205] cuts =  0 [   0]

== RICHARDS FLOW ===============================================================
  0 2r: 7.26E-05 2x: 0.00E+00 2u: 0.00E+00 ir: 3.17E-06 iu: 0.00E+00 rsn:   0
  1 2r: 3.48E-07 2x: 1.29E+09 2u: 4.61E-02 ir: 2.98E-08 iu: 5.46E-04 rsn: stol

 Step     56 Time=  5.30000E-01 Dt=  1.00000E-02 [minute] conv_reason: 4
  newton =   1 [      56] linear =     1 [        56] cuts =  0 [   0]
  --> SNES Linear/Non-Linear Iterations = 1 / 1
  --> SNES Residual: 0.347664E-06 0.365124E-11 0.298023E-07
  --> max change: dpmx=   5.4569E-04

== GEOMECHANICS ================================================================

 Step     56 Time=  5.30000E-01 Dt=  1.00000E-02 [minute] conv_reason: 2
  linear =   208 [     12413] cuts =  0 [   0]

== RICHARDS FLOW ===============================================================
  0 2r: 7.26E-05 2x: 0.00E+00 2u: 0.00E+00 ir: 3.17E-06 iu: 0.00E+00 rsn:   0
  1 2r: 3.45E-07 2x: 1.29E+09 2u: 4.61E-02 ir: 2.98E-08 iu: 5.46E-04 rsn: stol

 Step     57 Time=  5.40000E-01 Dt=  1.00000E-02 [minute] conv_reason: 4
  newton =   1 [      57] linear =     1 [        57] cuts =  0 [   0]
  --> SNES Linear/Non-Linear Iterations = 1 / 1
  --> SNES Residual: 0.344695E-06 0.362006E-11 0.298023E-07
  --> max change: dpmx=   5.4567E-04

== GEOMECHANICS ================================================================

 Step     57 Time=  5.40000E-01 Dt=  1.00000E-02 [minute] conv_reason: 2
  linear =   199 [     12612] cuts =  0 [   0]

== RICHARDS FLOW ===============================================================
  0 2r: 7.26E-05 2x: 0.00E+00 2u: 0.00E+00 ir: 3.17E-06 iu: 0.00E+00 rsn:   0
  1 2r: 3.85E-07 2x: 1.29E+09 2u: 4.61E-02 ir: 2.24E-08 iu: 5.46E-04 rsn: stol

 Step     58 Time=  5.50000E-01 Dt=  1.00000E-02 [minute] conv_reason: 4
  newton =   1 [      58] linear =     1 [        58] cuts =  0 [   0]
  --> SNES Linear/Non-Linear Iterations = 1 / 1
  --> SNES Residual: 0.385245E-06 0.404593E-11 0.223517E-07
  --> max change: dpmx=   5.4566E-04

== GEOMECHANICS ================================================================

 Step     58 Time=  5.50000E-01 Dt=  1.00000E-02 [minute] conv_reason: 2
  linear =   207 [     12819] cuts =  0 [   0]

== RICHARDS FLOW ===============================================================
  0 2r: 7.26E-05 2x: 0.00E+00 2u: 0.00E+00 ir: 3.17E-06 iu: 0.00E+00 rsn:   0
  1 2r: 3.15E-07 2x: 1.29E+09 2u: 4.61E-02 ir: 2.24E-08 iu: 5.46E-04 rsn: stol

 Step     59 Time=  5.60000E-01 Dt=  1.00000E-02 [minute] conv_reason: 4
  newton =   1 [      59] linear =     1 [        59] cuts =  0 [   0]
  --> SNES Linear/Non-Linear Iterations = 1 / 1
  --> SNES Residual: 0.315179E-06 0.331008E-11 0.223517E-07
  --> max change: dpmx=   5.4566E-04

== GEOMECHANICS ================================================================

 Step     59 Time=  5.60000E-01 Dt=  1.00000E-02 [minute] conv_reason: 2
  linear =   227 [     13046] cuts =  0 [   0]

== RICHARDS FLOW ===============================================================
  0 2r: 7.26E-05 2x: 0.00E+00 2u: 0.00E+00 ir: 3.17E-06 iu: 0.00E+00 rsn:   0
  1 2r: 2.46E-07 2x: 1.29E+09 2u: 4.61E-02 ir: 1.49E-08 iu: 5.46E-04 rsn: stol

 Step     60 Time=  5.70000E-01 Dt=  1.00000E-02 [minute] conv_reason: 4
  newton =   1 [      60] linear =     1 [        60] cuts =  0 [   0]
  --> SNES Linear/Non-Linear Iterations = 1 / 1
  --> SNES Residual: 0.245580E-06 0.257913E-11 0.149012E-07
  --> max change: dpmx=   5.4565E-04

== GEOMECHANICS ================================================================

 Step     60 Time=  5.70000E-01 Dt=  1.00000E-02 [minute] conv_reason: 2
  linear =   246 [     13292] cuts =  0 [   0]

== RICHARDS FLOW ===============================================================
  0 2r: 7.26E-05 2x: 0.00E+00 2u: 0.00E+00 ir: 3.17E-06 iu: 0.00E+00 rsn:   0
  1 2r: 3.65E-07 2x: 1.29E+09 2u: 4.61E-02 ir: 1.49E-08 iu: 5.46E-04 rsn: stol

 Step     61 Time=  5.80000E-01 Dt=  1.00000E-02 [minute] conv_reason: 4
  newton =   1 [      61] linear =     1 [        61] cuts =  0 [   0]
  --> SNES Linear/Non-Linear Iterations = 1 / 1
  --> SNES Residual: 0.364743E-06 0.383061E-11 0.149012E-07
  --> max change: dpmx=   5.4563E-04

== GEOMECHANICS ================================================================

 Step     61 Time=  5.80000E-01 Dt=  1.00000E-02 [minute] conv_reason: 2
  linear =   196 [     13488] cuts =  0 [   0]

== RICHARDS FLOW ===============================================================
  0 2r: 7.25E-05 2x: 0.00E+00 2u: 0.00E+00 ir: 3.17E-06 iu: 0.00E+00 rsn:   0
  1 2r: 3.03E-07 2x: 1.29E+09 2u: 4.61E-02 ir: 2.24E-08 iu: 5.46E-04 rsn: stol

 Step     62 Time=  5.90000E-01 Dt=  1.00000E-02 [minute] conv_reason: 4
  newton =   1 [      62] linear =     1 [        62] cuts =  0 [   0]
  --> SNES Linear/Non-Linear Iterations = 1 / 1
  --> SNES Residual: 0.302990E-06 0.318207E-11 0.223517E-07
  --> max change: dpmx=   5.4563E-04

== GEOMECHANICS ================================================================

 Step     62 Time=  5.90000E-01 Dt=  1.00000E-02 [minute] conv_reason: 2
  linear =   206 [     13694] cuts =  0 [   0]

== RICHARDS FLOW ===============================================================
  0 2r: 7.25E-05 2x: 0.00E+00 2u: 0.00E+00 ir: 3.17E-06 iu: 0.00E+00 rsn:   0
  1 2r: 2.72E-07 2x: 1.29E+09 2u: 4.61E-02 ir: 2.24E-08 iu: 5.46E-04 rsn: stol

 Step     63 Time=  6.00000E-01 Dt=  1.00000E-02 [minute] conv_reason: 4
  newton =   1 [      63] linear =     1 [        63] cuts =  0 [   0]
  --> SNES Linear/Non-Linear Iterations = 1 / 1
  --> SNES Residual: 0.271824E-06 0.285476E-11 0.223517E-07
  --> max change: dpmx=   5.4563E-04

== GEOMECHANICS ================================================================

 Step     63 Time=  6.00000E-01 Dt=  1.00000E-02 [minute] conv_reason: 2
  linear =   225 [     13919] cuts =  0 [   0]

== RICHARDS FLOW ===============================================================
  0 2r: 7.25E-05 2x: 0.00E+00 2u: 0.00E+00 ir: 3.17E-06 iu: 0.00E+00 rsn:   0
  1 2r: 3.81E-07 2x: 1.29E+09 2u: 4.61E-02 ir: 1.49E-08 iu: 5.46E-04 rsn: stol

 Step     64 Time=  6.10000E-01 Dt=  1.00000E-02 [minute] conv_reason: 4
  newton =   1 [      64] linear =     1 [        64] cuts =  0 [   0]
  --> SNES Linear/Non-Linear Iterations = 1 / 1
  --> SNES Residual: 0.380559E-06 0.399672E-11 0.149012E-07
  --> max change: dpmx=   5.4562E-04

== GEOMECHANICS ================================================================

 Step     64 Time=  6.10000E-01 Dt=  1.00000E-02 [minute] conv_reason: 2
  linear =   218 [     14137] cuts =  0 [   0]

== RICHARDS FLOW ===============================================================
  0 2r: 7.25E-05 2x: 0.00E+00 2u: 0.00E+00 ir: 3.17E-06 iu: 0.00E+00 rsn:   0
  1 2r: 3.97E-07 2x: 1.29E+09 2u: 4.61E-02 ir: 1.49E-08 iu: 5.46E-04 rsn: stol

 Step     65 Time=  6.20000E-01 Dt=  1.00000E-02 [minute] conv_reason: 4
  newton =   1 [      65] linear =     1 [        65] cuts =  0 [   0]
  --> SNES Linear/Non-Linear Iterations = 1 / 1
  --> SNES Residual: 0.397384E-06 0.417342E-11 0.149012E-07
  --> max change: dpmx=   5.4562E-04

== GEOMECHANICS ================================================================

 Step     65 Time=  6.20000E-01 Dt=  1.00000E-02 [minute] conv_reason: 2
  linear =   240 [     14377] cuts =  0 [   0]

== RICHARDS FLOW ===============================================================
  0 2r: 7.25E-05 2x: 0.00E+00 2u: 0.00E+00 ir: 3.17E-06 iu: 0.00E+00 rsn:   0
  1 2r: 4.19E-07 2x: 1.29E+09 2u: 4.61E-02 ir: 2.98E-08 iu: 5.46E-04 rsn: stol

 Step     66 Time=  6.30000E-01 Dt=  1.00000E-02 [minute] conv_reason: 4
  newton =   1 [      66] linear =     1 [        66] cuts =  0 [   0]
  --> SNES Linear/Non-Linear Iterations = 1 / 1
  --> SNES Residual: 0.418588E-06 0.439610E-11 0.298023E-07
  --> max change: dpmx=   5.4561E-04

== GEOMECHANICS ================================================================

 Step     66 Time=  6.30000E-01 Dt=  1.00000E-02 [minute] conv_reason: 2
  linear =   212 [     14589] cuts =  0 [   0]

== RICHARDS FLOW ===============================================================
  0 2r: 7.25E-05 2x: 0.00E+00 2u: 0.00E+00 ir: 3.17E-06 iu: 0.00E+00 rsn:   0
  1 2r: 3.92E-07 2x: 1.29E+09 2u: 4.61E-02 ir: 1.49E-08 iu: 5.46E-04 rsn: stol

 Step     67 Time=  6.40000E-01 Dt=  1.00000E-02 [minute] conv_reason: 4
  newton =   1 [      67] linear =     1 [        67] cuts =  0 [   0]
  --> SNES Linear/Non-Linear Iterations = 1 / 1
  --> SNES Residual: 0.391607E-06 0.411274E-11 0.149012E-07
  --> max change: dpmx=   5.4561E-04

== GEOMECHANICS ================================================================

 Step     67 Time=  6.40000E-01 Dt=  1.00000E-02 [minute] conv_reason: 2
  linear =   258 [     14847] cuts =  0 [   0]

== RICHARDS FLOW ===============================================================
  0 2r: 7.25E-05 2x: 0.00E+00 2u: 0.00E+00 ir: 3.17E-06 iu: 0.00E+00 rsn:   0
  1 2r: 3.85E-07 2x: 1.29E+09 2u: 4.61E-02 ir: 1.49E-08 iu: 5.46E-04 rsn: stol

 Step     68 Time=  6.50000E-01 Dt=  1.00000E-02 [minute] conv_reason: 4
  newton =   1 [      68] linear =     1 [        68] cuts =  0 [   0]
  --> SNES Linear/Non-Linear Iterations = 1 / 1
  --> SNES Residual: 0.385466E-06 0.404825E-11 0.149012E-07
  --> max change: dpmx=   5.4559E-04

== GEOMECHANICS ================================================================

 Step     68 Time=  6.50000E-01 Dt=  1.00000E-02 [minute] conv_reason: 2
  linear =   279 [     15126] cuts =  0 [   0]

== RICHARDS FLOW ===============================================================
  0 2r: 7.25E-05 2x: 0.00E+00 2u: 0.00E+00 ir: 3.17E-06 iu: 0.00E+00 rsn:   0
  1 2r: 3.94E-07 2x: 1.29E+09 2u: 4.61E-02 ir: 2.98E-08 iu: 5.46E-04 rsn: stol

 Step     69 Time=  6.60000E-01 Dt=  1.00000E-02 [minute] conv_reason: 4
  newton =   1 [      69] linear =     1 [        69] cuts =  0 [   0]
  --> SNES Linear/Non-Linear Iterations = 1 / 1
  --> SNES Residual: 0.394053E-06 0.413843E-11 0.298023E-07
  --> max change: dpmx=   5.4556E-04

== GEOMECHANICS ================================================================

 Step     69 Time=  6.60000E-01 Dt=  1.00000E-02 [minute] conv_reason: 2
  linear =   206 [     15332] cuts =  0 [   0]

== RICHARDS FLOW ===============================================================
  0 2r: 7.25E-05 2x: 0.00E+00 2u: 0.00E+00 ir: 3.17E-06 iu: 0.00E+00 rsn:   0
  1 2r: 3.78E-07 2x: 1.29E+09 2u: 4.60E-02 ir: 2.98E-08 iu: 5.46E-04 rsn: stol

 Step     70 Time=  6.70000E-01 Dt=  1.00000E-02 [minute] conv_reason: 4
  newton =   1 [      70] linear =     1 [        70] cuts =  0 [   0]
  --> SNES Linear/Non-Linear Iterations = 1 / 1
  --> SNES Residual: 0.377719E-06 0.396689E-11 0.298023E-07
  --> max change: dpmx=   5.4556E-04

== GEOMECHANICS ================================================================

 Step     70 Time=  6.70000E-01 Dt=  1.00000E-02 [minute] conv_reason: 2
  linear =   223 [     15555] cuts =  0 [   0]

== RICHARDS FLOW ===============================================================
  0 2r: 7.25E-05 2x: 0.00E+00 2u: 0.00E+00 ir: 3.17E-06 iu: 0.00E+00 rsn:   0
  1 2r: 4.02E-07 2x: 1.29E+09 2u: 4.60E-02 ir: 1.49E-08 iu: 5.46E-04 rsn: stol

 Step     71 Time=  6.80000E-01 Dt=  1.00000E-02 [minute] conv_reason: 4
  newton =   1 [      71] linear =     1 [        71] cuts =  0 [   0]
  --> SNES Linear/Non-Linear Iterations = 1 / 1
  --> SNES Residual: 0.401538E-06 0.421704E-11 0.149012E-07
  --> max change: dpmx=   5.4556E-04

== GEOMECHANICS ================================================================

 Step     71 Time=  6.80000E-01 Dt=  1.00000E-02 [minute] conv_reason: 2
  linear =   254 [     15809] cuts =  0 [   0]

== RICHARDS FLOW ===============================================================
  0 2r: 7.25E-05 2x: 0.00E+00 2u: 0.00E+00 ir: 3.17E-06 iu: 0.00E+00 rsn:   0
  1 2r: 2.37E-07 2x: 1.29E+09 2u: 4.60E-02 ir: 1.49E-08 iu: 5.46E-04 rsn: stol

 Step     72 Time=  6.90000E-01 Dt=  1.00000E-02 [minute] conv_reason: 4
  newton =   1 [      72] linear =     1 [        72] cuts =  0 [   0]
  --> SNES Linear/Non-Linear Iterations = 1 / 1
  --> SNES Residual: 0.236646E-06 0.248531E-11 0.149012E-07
  --> max change: dpmx=   5.4556E-04

== GEOMECHANICS ================================================================

 Step     72 Time=  6.90000E-01 Dt=  1.00000E-02 [minute] conv_reason: 2
  linear =   225 [     16034] cuts =  0 [   0]

== RICHARDS FLOW ===============================================================
  0 2r: 7.25E-05 2x: 0.00E+00 2u: 0.00E+00 ir: 3.17E-06 iu: 0.00E+00 rsn:   0
  1 2r: 3.49E-07 2x: 1.29E+09 2u: 4.60E-02 ir: 2.98E-08 iu: 5.46E-04 rsn: stol

 Step     73 Time=  7.00000E-01 Dt=  1.00000E-02 [minute] conv_reason: 4
  newton =   1 [      73] linear =     1 [        73] cuts =  0 [   0]
  --> SNES Linear/Non-Linear Iterations = 1 / 1
  --> SNES Residual: 0.348707E-06 0.366220E-11 0.298023E-07
  --> max change: dpmx=   5.4556E-04

== GEOMECHANICS ================================================================

 Step     73 Time=  7.00000E-01 Dt=  1.00000E-02 [minute] conv_reason: 2
  linear =   205 [     16239] cuts =  0 [   0]

== RICHARDS FLOW ===============================================================
  0 2r: 7.25E-05 2x: 0.00E+00 2u: 0.00E+00 ir: 3.17E-06 iu: 0.00E+00 rsn:   0
  1 2r: 3.95E-07 2x: 1.29E+09 2u: 4.60E-02 ir: 2.24E-08 iu: 5.46E-04 rsn: stol

 Step     74 Time=  7.10000E-01 Dt=  1.00000E-02 [minute] conv_reason: 4
  newton =   1 [      74] linear =     1 [        74] cuts =  0 [   0]
  --> SNES Linear/Non-Linear Iterations = 1 / 1
  --> SNES Residual: 0.394962E-06 0.414798E-11 0.223517E-07
  --> max change: dpmx=   5.4555E-04

== GEOMECHANICS ================================================================

 Step     74 Time=  7.10000E-01 Dt=  1.00000E-02 [minute] conv_reason: 2
  linear =   209 [     16448] cuts =  0 [   0]

== RICHARDS FLOW ===============================================================
  0 2r: 7.25E-05 2x: 0.00E+00 2u: 0.00E+00 ir: 3.17E-06 iu: 0.00E+00 rsn:   0
  1 2r: 3.53E-07 2x: 1.29E+09 2u: 4.60E-02 ir: 2.98E-08 iu: 5.46E-04 rsn: stol

 Step     75 Time=  7.20000E-01 Dt=  1.00000E-02 [minute] conv_reason: 4
  newton =   1 [      75] linear =     1 [        75] cuts =  0 [   0]
  --> SNES Linear/Non-Linear Iterations = 1 / 1
  --> SNES Residual: 0.353373E-06 0.371120E-11 0.298023E-07
  --> max change: dpmx=   5.4553E-04

== GEOMECHANICS ================================================================

 Step     75 Time=  7.20000E-01 Dt=  1.00000E-02 [minute] conv_reason: 2
  linear =   232 [     16680] cuts =  0 [   0]

== RICHARDS FLOW ===============================================================
  0 2r: 7.25E-05 2x: 0.00E+00 2u: 0.00E+00 ir: 3.17E-06 iu: 0.00E+00 rsn:   0
  1 2r: 3.84E-07 2x: 1.29E+09 2u: 4.60E-02 ir: 1.49E-08 iu: 5.46E-04 rsn: stol

 Step     76 Time=  7.30000E-01 Dt=  1.00000E-02 [minute] conv_reason: 4
  newton =   1 [      76] linear =     1 [        76] cuts =  0 [   0]
  --> SNES Linear/Non-Linear Iterations = 1 / 1
  --> SNES Residual: 0.383960E-06 0.403243E-11 0.149012E-07
  --> max change: dpmx=   5.4553E-04

== GEOMECHANICS ================================================================

 Step     76 Time=  7.30000E-01 Dt=  1.00000E-02 [minute] conv_reason: 2
  linear =   220 [     16900] cuts =  0 [   0]

== RICHARDS FLOW ===============================================================
  0 2r: 7.25E-05 2x: 0.00E+00 2u: 0.00E+00 ir: 3.17E-06 iu: 0.00E+00 rsn:   0
  1 2r: 3.82E-07 2x: 1.29E+09 2u: 4.60E-02 ir: 2.98E-08 iu: 5.46E-04 rsn: stol

 Step     77 Time=  7.40000E-01 Dt=  1.00000E-02 [minute] conv_reason: 4
  newton =   1 [      77] linear =     1 [        77] cuts =  0 [   0]
  --> SNES Linear/Non-Linear Iterations = 1 / 1
  --> SNES Residual: 0.381717E-06 0.400887E-11 0.298023E-07
  --> max change: dpmx=   5.4550E-04

== GEOMECHANICS ================================================================

 Step     77 Time=  7.40000E-01 Dt=  1.00000E-02 [minute] conv_reason: 2
  linear =   226 [     17126] cuts =  0 [   0]

== RICHARDS FLOW ===============================================================
  0 2r: 7.25E-05 2x: 0.00E+00 2u: 0.00E+00 ir: 3.17E-06 iu: 0.00E+00 rsn:   0
  1 2r: 2.53E-07 2x: 1.29E+09 2u: 4.60E-02 ir: 1.49E-08 iu: 5.46E-04 rsn: stol

 Step     78 Time=  7.50000E-01 Dt=  1.00000E-02 [minute] conv_reason: 4
  newton =   1 [      78] linear =     1 [        78] cuts =  0 [   0]
  --> SNES Linear/Non-Linear Iterations = 1 / 1
  --> SNES Residual: 0.253396E-06 0.266122E-11 0.149012E-07
  --> max change: dpmx=   5.4550E-04

== GEOMECHANICS ================================================================

 Step     78 Time=  7.50000E-01 Dt=  1.00000E-02 [minute] conv_reason: 2
  linear =   231 [     17357] cuts =  0 [   0]
 --> appending to hdf5 geomech output file: /home/kwesi/yaomesh/Pflotran_files_codes/preload_state-geomech.h5
 --> write xmf geomech output file: /home/kwesi/yaomesh/Pflotran_files_codes/preload_state-geomech-003.xmf

 --> appending to hdf5 output file: /home/kwesi/yaomesh/Pflotran_files_codes/preload_state.h5
      0.01 Seconds to write HDF5 file.

== RICHARDS FLOW ===============================================================
  0 2r: 7.25E-05 2x: 0.00E+00 2u: 0.00E+00 ir: 3.17E-06 iu: 0.00E+00 rsn:   0
  1 2r: 2.31E-07 2x: 1.29E+09 2u: 4.60E-02 ir: 2.98E-08 iu: 5.46E-04 rsn: stol

 Step     79 Time=  7.60000E-01 Dt=  1.00000E-02 [minute] conv_reason: 4
  newton =   1 [      79] linear =     1 [        79] cuts =  0 [   0]
  --> SNES Linear/Non-Linear Iterations = 1 / 1
  --> SNES Residual: 0.230941E-06 0.242539E-11 0.298023E-07
  --> max change: dpmx=   5.4550E-04

== GEOMECHANICS ================================================================

 Step     79 Time=  7.60000E-01 Dt=  1.00000E-02 [minute] conv_reason: 2
  linear =   209 [     17566] cuts =  0 [   0]

== RICHARDS FLOW ===============================================================
  0 2r: 7.25E-05 2x: 0.00E+00 2u: 0.00E+00 ir: 3.17E-06 iu: 0.00E+00 rsn:   0
  1 2r: 3.83E-07 2x: 1.29E+09 2u: 4.60E-02 ir: 2.98E-08 iu: 5.46E-04 rsn: stol

 Step     80 Time=  7.70000E-01 Dt=  1.00000E-02 [minute] conv_reason: 4
  newton =   1 [      80] linear =     1 [        80] cuts =  0 [   0]
  --> SNES Linear/Non-Linear Iterations = 1 / 1
  --> SNES Residual: 0.382687E-06 0.401906E-11 0.298023E-07
  --> max change: dpmx=   5.4550E-04

== GEOMECHANICS ================================================================

 Step     80 Time=  7.70000E-01 Dt=  1.00000E-02 [minute] conv_reason: 2
  linear =   211 [     17777] cuts =  0 [   0]

== RICHARDS FLOW ===============================================================
  0 2r: 7.25E-05 2x: 0.00E+00 2u: 0.00E+00 ir: 3.17E-06 iu: 0.00E+00 rsn:   0
  1 2r: 2.79E-07 2x: 1.29E+09 2u: 4.60E-02 ir: 2.98E-08 iu: 5.46E-04 rsn: stol

 Step     81 Time=  7.80000E-01 Dt=  1.00000E-02 [minute] conv_reason: 4
  newton =   1 [      81] linear =     1 [        81] cuts =  0 [   0]
  --> SNES Linear/Non-Linear Iterations = 1 / 1
  --> SNES Residual: 0.279208E-06 0.293230E-11 0.298023E-07
  --> max change: dpmx=   5.4550E-04

== GEOMECHANICS ================================================================

 Step     81 Time=  7.80000E-01 Dt=  1.00000E-02 [minute] conv_reason: 2
  linear =   194 [     17971] cuts =  0 [   0]

== RICHARDS FLOW ===============================================================
  0 2r: 7.25E-05 2x: 0.00E+00 2u: 0.00E+00 ir: 3.17E-06 iu: 0.00E+00 rsn:   0
  1 2r: 3.15E-07 2x: 1.29E+09 2u: 4.60E-02 ir: 1.49E-08 iu: 5.45E-04 rsn: stol

 Step     82 Time=  7.90000E-01 Dt=  1.00000E-02 [minute] conv_reason: 4
  newton =   1 [      82] linear =     1 [        82] cuts =  0 [   0]
  --> SNES Linear/Non-Linear Iterations = 1 / 1
  --> SNES Residual: 0.314643E-06 0.330445E-11 0.149012E-07
  --> max change: dpmx=   5.4549E-04

== GEOMECHANICS ================================================================

 Step     82 Time=  7.90000E-01 Dt=  1.00000E-02 [minute] conv_reason: 2
  linear =   226 [     18197] cuts =  0 [   0]

== RICHARDS FLOW ===============================================================
  0 2r: 7.25E-05 2x: 0.00E+00 2u: 0.00E+00 ir: 3.17E-06 iu: 0.00E+00 rsn:   0
  1 2r: 2.42E-07 2x: 1.29E+09 2u: 4.60E-02 ir: 1.49E-08 iu: 5.45E-04 rsn: stol

 Step     83 Time=  8.00000E-01 Dt=  1.00000E-02 [minute] conv_reason: 4
  newton =   1 [      83] linear =     1 [        83] cuts =  0 [   0]
  --> SNES Linear/Non-Linear Iterations = 1 / 1
  --> SNES Residual: 0.242107E-06 0.254266E-11 0.149012E-07
  --> max change: dpmx=   5.4548E-04

== GEOMECHANICS ================================================================

 Step     83 Time=  8.00000E-01 Dt=  1.00000E-02 [minute] conv_reason: 2
  linear =   196 [     18393] cuts =  0 [   0]

== RICHARDS FLOW ===============================================================
  0 2r: 7.25E-05 2x: 0.00E+00 2u: 0.00E+00 ir: 3.17E-06 iu: 0.00E+00 rsn:   0
  1 2r: 2.41E-07 2x: 1.29E+09 2u: 4.60E-02 ir: 1.49E-08 iu: 5.45E-04 rsn: stol

 Step     84 Time=  8.10000E-01 Dt=  1.00000E-02 [minute] conv_reason: 4
  newton =   1 [      84] linear =     1 [        84] cuts =  0 [   0]
  --> SNES Linear/Non-Linear Iterations = 1 / 1
  --> SNES Residual: 0.241026E-06 0.253131E-11 0.149012E-07
  --> max change: dpmx=   5.4547E-04

== GEOMECHANICS ================================================================

 Step     84 Time=  8.10000E-01 Dt=  1.00000E-02 [minute] conv_reason: 2
  linear =   200 [     18593] cuts =  0 [   0]

== RICHARDS FLOW ===============================================================
  0 2r: 7.25E-05 2x: 0.00E+00 2u: 0.00E+00 ir: 3.17E-06 iu: 0.00E+00 rsn:   0
  1 2r: 3.37E-07 2x: 1.29E+09 2u: 4.60E-02 ir: 1.49E-08 iu: 5.45E-04 rsn: stol

 Step     85 Time=  8.20000E-01 Dt=  1.00000E-02 [minute] conv_reason: 4
  newton =   1 [      85] linear =     1 [        85] cuts =  0 [   0]
  --> SNES Linear/Non-Linear Iterations = 1 / 1
  --> SNES Residual: 0.336679E-06 0.353588E-11 0.149012E-07
  --> max change: dpmx=   5.4547E-04

== GEOMECHANICS ================================================================

 Step     85 Time=  8.20000E-01 Dt=  1.00000E-02 [minute] conv_reason: 2
  linear =   232 [     18825] cuts =  0 [   0]

== RICHARDS FLOW ===============================================================
  0 2r: 7.25E-05 2x: 0.00E+00 2u: 0.00E+00 ir: 3.17E-06 iu: 0.00E+00 rsn:   0
  1 2r: 3.27E-07 2x: 1.29E+09 2u: 4.60E-02 ir: 2.98E-08 iu: 5.45E-04 rsn: stol

 Step     86 Time=  8.30000E-01 Dt=  1.00000E-02 [minute] conv_reason: 4
  newton =   1 [      86] linear =     1 [        86] cuts =  0 [   0]
  --> SNES Linear/Non-Linear Iterations = 1 / 1
  --> SNES Residual: 0.326575E-06 0.342976E-11 0.298023E-07
  --> max change: dpmx=   5.4545E-04

== GEOMECHANICS ================================================================

 Step     86 Time=  8.30000E-01 Dt=  1.00000E-02 [minute] conv_reason: 2
  linear =   199 [     19024] cuts =  0 [   0]

== RICHARDS FLOW ===============================================================
  0 2r: 7.25E-05 2x: 0.00E+00 2u: 0.00E+00 ir: 3.17E-06 iu: 0.00E+00 rsn:   0
  1 2r: 3.61E-07 2x: 1.29E+09 2u: 4.60E-02 ir: 1.49E-08 iu: 5.45E-04 rsn: stol

 Step     87 Time=  8.40000E-01 Dt=  1.00000E-02 [minute] conv_reason: 4
  newton =   1 [      87] linear =     1 [        87] cuts =  0 [   0]
  --> SNES Linear/Non-Linear Iterations = 1 / 1
  --> SNES Residual: 0.360811E-06 0.378931E-11 0.149012E-07
  --> max change: dpmx=   5.4545E-04

== GEOMECHANICS ================================================================

 Step     87 Time=  8.40000E-01 Dt=  1.00000E-02 [minute] conv_reason: 2
  linear =   216 [     19240] cuts =  0 [   0]

== RICHARDS FLOW ===============================================================
  0 2r: 7.24E-05 2x: 0.00E+00 2u: 0.00E+00 ir: 3.17E-06 iu: 0.00E+00 rsn:   0
  1 2r: 3.37E-07 2x: 1.29E+09 2u: 4.60E-02 ir: 2.98E-08 iu: 5.45E-04 rsn: stol

 Step     88 Time=  8.50000E-01 Dt=  1.00000E-02 [minute] conv_reason: 4
  newton =   1 [      88] linear =     1 [        88] cuts =  0 [   0]
  --> SNES Linear/Non-Linear Iterations = 1 / 1
  --> SNES Residual: 0.336741E-06 0.353653E-11 0.298023E-07
  --> max change: dpmx=   5.4545E-04

== GEOMECHANICS ================================================================

 Step     88 Time=  8.50000E-01 Dt=  1.00000E-02 [minute] conv_reason: 2
  linear =   244 [     19484] cuts =  0 [   0]

== RICHARDS FLOW ===============================================================
  0 2r: 7.24E-05 2x: 0.00E+00 2u: 0.00E+00 ir: 3.17E-06 iu: 0.00E+00 rsn:   0
  1 2r: 3.71E-07 2x: 1.29E+09 2u: 4.60E-02 ir: 1.49E-08 iu: 5.45E-04 rsn: stol

 Step     89 Time=  8.60000E-01 Dt=  1.00000E-02 [minute] conv_reason: 4
  newton =   1 [      89] linear =     1 [        89] cuts =  0 [   0]
  --> SNES Linear/Non-Linear Iterations = 1 / 1
  --> SNES Residual: 0.371019E-06 0.389652E-11 0.149012E-07
  --> max change: dpmx=   5.4544E-04

== GEOMECHANICS ================================================================

 Step     89 Time=  8.60000E-01 Dt=  1.00000E-02 [minute] conv_reason: 2
  linear =   204 [     19688] cuts =  0 [   0]

== RICHARDS FLOW ===============================================================
  0 2r: 7.24E-05 2x: 0.00E+00 2u: 0.00E+00 ir: 3.17E-06 iu: 0.00E+00 rsn:   0
  1 2r: 2.42E-07 2x: 1.29E+09 2u: 4.60E-02 ir: 1.49E-08 iu: 5.45E-04 rsn: stol

 Step     90 Time=  8.70000E-01 Dt=  1.00000E-02 [minute] conv_reason: 4
  newton =   1 [      90] linear =     1 [        90] cuts =  0 [   0]
  --> SNES Linear/Non-Linear Iterations = 1 / 1
  --> SNES Residual: 0.242037E-06 0.254192E-11 0.149012E-07
  --> max change: dpmx=   5.4541E-04

== GEOMECHANICS ================================================================

 Step     90 Time=  8.70000E-01 Dt=  1.00000E-02 [minute] conv_reason: 2
  linear =   210 [     19898] cuts =  0 [   0]

== RICHARDS FLOW ===============================================================
  0 2r: 7.24E-05 2x: 0.00E+00 2u: 0.00E+00 ir: 3.17E-06 iu: 0.00E+00 rsn:   0
  1 2r: 3.45E-07 2x: 1.29E+09 2u: 4.60E-02 ir: 2.98E-08 iu: 5.45E-04 rsn: stol

 Step     91 Time=  8.80000E-01 Dt=  1.00000E-02 [minute] conv_reason: 4
  newton =   1 [      91] linear =     1 [        91] cuts =  0 [   0]
  --> SNES Linear/Non-Linear Iterations = 1 / 1
  --> SNES Residual: 0.344834E-06 0.362152E-11 0.298023E-07
  --> max change: dpmx=   5.4541E-04

== GEOMECHANICS ================================================================

 Step     91 Time=  8.80000E-01 Dt=  1.00000E-02 [minute] conv_reason: 2
  linear =   203 [     20101] cuts =  0 [   0]

== RICHARDS FLOW ===============================================================
  0 2r: 7.24E-05 2x: 0.00E+00 2u: 0.00E+00 ir: 3.17E-06 iu: 0.00E+00 rsn:   0
  1 2r: 3.08E-07 2x: 1.29E+09 2u: 4.60E-02 ir: 2.98E-08 iu: 5.45E-04 rsn: stol

 Step     92 Time=  8.90000E-01 Dt=  1.00000E-02 [minute] conv_reason: 4
  newton =   1 [      92] linear =     1 [        92] cuts =  0 [   0]
  --> SNES Linear/Non-Linear Iterations = 1 / 1
  --> SNES Residual: 0.307567E-06 0.323013E-11 0.298023E-07
  --> max change: dpmx=   5.4540E-04

== GEOMECHANICS ================================================================

 Step     92 Time=  8.90000E-01 Dt=  1.00000E-02 [minute] conv_reason: 2
  linear =   208 [     20309] cuts =  0 [   0]

== RICHARDS FLOW ===============================================================
  0 2r: 7.24E-05 2x: 0.00E+00 2u: 0.00E+00 ir: 3.17E-06 iu: 0.00E+00 rsn:   0
  1 2r: 3.96E-07 2x: 1.29E+09 2u: 4.60E-02 ir: 1.49E-08 iu: 5.45E-04 rsn: stol

 Step     93 Time=  9.00000E-01 Dt=  1.00000E-02 [minute] conv_reason: 4
  newton =   1 [      93] linear =     1 [        93] cuts =  0 [   0]
  --> SNES Linear/Non-Linear Iterations = 1 / 1
  --> SNES Residual: 0.395607E-06 0.415475E-11 0.149012E-07
  --> max change: dpmx=   5.4540E-04

== GEOMECHANICS ================================================================

 Step     93 Time=  9.00000E-01 Dt=  1.00000E-02 [minute] conv_reason: 2
  linear =   240 [     20549] cuts =  0 [   0]

== RICHARDS FLOW ===============================================================
  0 2r: 7.24E-05 2x: 0.00E+00 2u: 0.00E+00 ir: 3.17E-06 iu: 0.00E+00 rsn:   0
  1 2r: 3.57E-07 2x: 1.29E+09 2u: 4.60E-02 ir: 4.47E-08 iu: 5.45E-04 rsn: stol

 Step     94 Time=  9.10000E-01 Dt=  1.00000E-02 [minute] conv_reason: 4
  newton =   1 [      94] linear =     1 [        94] cuts =  0 [   0]
  --> SNES Linear/Non-Linear Iterations = 1 / 1
  --> SNES Residual: 0.356738E-06 0.374654E-11 0.447035E-07
  --> max change: dpmx=   5.4538E-04

== GEOMECHANICS ================================================================

 Step     94 Time=  9.10000E-01 Dt=  1.00000E-02 [minute] conv_reason: 2
  linear =   216 [     20765] cuts =  0 [   0]

== RICHARDS FLOW ===============================================================
  0 2r: 7.24E-05 2x: 0.00E+00 2u: 0.00E+00 ir: 3.17E-06 iu: 0.00E+00 rsn:   0
  1 2r: 3.29E-07 2x: 1.29E+09 2u: 4.60E-02 ir: 1.49E-08 iu: 5.45E-04 rsn: stol

 Step     95 Time=  9.20000E-01 Dt=  1.00000E-02 [minute] conv_reason: 4
  newton =   1 [      95] linear =     1 [        95] cuts =  0 [   0]
  --> SNES Linear/Non-Linear Iterations = 1 / 1
  --> SNES Residual: 0.328836E-06 0.345351E-11 0.149012E-07
  --> max change: dpmx=   5.4538E-04

== GEOMECHANICS ================================================================

 Step     95 Time=  9.20000E-01 Dt=  1.00000E-02 [minute] conv_reason: 2
  linear =   206 [     20971] cuts =  0 [   0]

== RICHARDS FLOW ===============================================================
  0 2r: 7.24E-05 2x: 0.00E+00 2u: 0.00E+00 ir: 3.17E-06 iu: 0.00E+00 rsn:   0
  1 2r: 3.28E-07 2x: 1.29E+09 2u: 4.60E-02 ir: 2.98E-08 iu: 5.45E-04 rsn: stol

 Step     96 Time=  9.30000E-01 Dt=  1.00000E-02 [minute] conv_reason: 4
  newton =   1 [      96] linear =     1 [        96] cuts =  0 [   0]
  --> SNES Linear/Non-Linear Iterations = 1 / 1
  --> SNES Residual: 0.328405E-06 0.344898E-11 0.298023E-07
  --> max change: dpmx=   5.4538E-04

== GEOMECHANICS ================================================================

 Step     96 Time=  9.30000E-01 Dt=  1.00000E-02 [minute] conv_reason: 2
  linear =   191 [     21162] cuts =  0 [   0]

== RICHARDS FLOW ===============================================================
  0 2r: 7.24E-05 2x: 0.00E+00 2u: 0.00E+00 ir: 3.17E-06 iu: 0.00E+00 rsn:   0
  1 2r: 4.26E-07 2x: 1.29E+09 2u: 4.60E-02 ir: 2.98E-08 iu: 5.45E-04 rsn: stol

 Step     97 Time=  9.40000E-01 Dt=  1.00000E-02 [minute] conv_reason: 4
  newton =   1 [      97] linear =     1 [        97] cuts =  0 [   0]
  --> SNES Linear/Non-Linear Iterations = 1 / 1
  --> SNES Residual: 0.425856E-06 0.447243E-11 0.298023E-07
  --> max change: dpmx=   5.4538E-04

== GEOMECHANICS ================================================================

 Step     97 Time=  9.40000E-01 Dt=  1.00000E-02 [minute] conv_reason: 2
  linear =   237 [     21399] cuts =  0 [   0]

== RICHARDS FLOW ===============================================================
  0 2r: 7.24E-05 2x: 0.00E+00 2u: 0.00E+00 ir: 3.17E-06 iu: 0.00E+00 rsn:   0
  1 2r: 5.40E-07 2x: 1.29E+09 2u: 4.60E-02 ir: 1.49E-08 iu: 5.45E-04 rsn: stol

 Step     98 Time=  9.50000E-01 Dt=  1.00000E-02 [minute] conv_reason: 4
  newton =   1 [      98] linear =     1 [        98] cuts =  0 [   0]
  --> SNES Linear/Non-Linear Iterations = 1 / 1
  --> SNES Residual: 0.539711E-06 0.566817E-11 0.149012E-07
  --> max change: dpmx=   5.4535E-04

== GEOMECHANICS ================================================================

 Step     98 Time=  9.50000E-01 Dt=  1.00000E-02 [minute] conv_reason: 2
  linear =   208 [     21607] cuts =  0 [   0]

== RICHARDS FLOW ===============================================================
  0 2r: 7.24E-05 2x: 0.00E+00 2u: 0.00E+00 ir: 3.17E-06 iu: 0.00E+00 rsn:   0
  1 2r: 4.14E-07 2x: 1.29E+09 2u: 4.60E-02 ir: 2.24E-08 iu: 5.45E-04 rsn: stol

 Step     99 Time=  9.60000E-01 Dt=  1.00000E-02 [minute] conv_reason: 4
  newton =   1 [      99] linear =     1 [        99] cuts =  0 [   0]
  --> SNES Linear/Non-Linear Iterations = 1 / 1
  --> SNES Residual: 0.414406E-06 0.435218E-11 0.223517E-07
  --> max change: dpmx=   5.4534E-04

== GEOMECHANICS ================================================================

 Step     99 Time=  9.60000E-01 Dt=  1.00000E-02 [minute] conv_reason: 2
  linear =   228 [     21835] cuts =  0 [   0]

== RICHARDS FLOW ===============================================================
  0 2r: 7.24E-05 2x: 0.00E+00 2u: 0.00E+00 ir: 3.17E-06 iu: 0.00E+00 rsn:   0
  1 2r: 3.66E-07 2x: 1.29E+09 2u: 4.60E-02 ir: 2.24E-08 iu: 5.45E-04 rsn: stol

 Step    100 Time=  9.70000E-01 Dt=  1.00000E-02 [minute] conv_reason: 4
  newton =   1 [     100] linear =     1 [       100] cuts =  0 [   0]
  --> SNES Linear/Non-Linear Iterations = 1 / 1
  --> SNES Residual: 0.365925E-06 0.384302E-11 0.223517E-07
  --> max change: dpmx=   5.4534E-04

== GEOMECHANICS ================================================================

 Step    100 Time=  9.70000E-01 Dt=  1.00000E-02 [minute] conv_reason: 2
  linear =   244 [     22079] cuts =  0 [   0]

== RICHARDS FLOW ===============================================================
  0 2r: 7.24E-05 2x: 0.00E+00 2u: 0.00E+00 ir: 3.17E-06 iu: 0.00E+00 rsn:   0
  1 2r: 3.05E-07 2x: 1.29E+09 2u: 4.60E-02 ir: 1.49E-08 iu: 5.45E-04 rsn: stol

 Step    101 Time=  9.80000E-01 Dt=  1.00000E-02 [minute] conv_reason: 4
  newton =   1 [     101] linear =     1 [       101] cuts =  0 [   0]
  --> SNES Linear/Non-Linear Iterations = 1 / 1
  --> SNES Residual: 0.305348E-06 0.320683E-11 0.149012E-07
  --> max change: dpmx=   5.4534E-04

== GEOMECHANICS ================================================================

 Step    101 Time=  9.80000E-01 Dt=  1.00000E-02 [minute] conv_reason: 2
  linear =   219 [     22298] cuts =  0 [   0]

== RICHARDS FLOW ===============================================================
  0 2r: 7.24E-05 2x: 0.00E+00 2u: 0.00E+00 ir: 3.17E-06 iu: 0.00E+00 rsn:   0
  1 2r: 2.77E-07 2x: 1.29E+09 2u: 4.60E-02 ir: 1.49E-08 iu: 5.45E-04 rsn: stol

 Step    102 Time=  9.90000E-01 Dt=  1.00000E-02 [minute] conv_reason: 4
  newton =   1 [     102] linear =     1 [       102] cuts =  0 [   0]
  --> SNES Linear/Non-Linear Iterations = 1 / 1
  --> SNES Residual: 0.276706E-06 0.290603E-11 0.149012E-07
  --> max change: dpmx=   5.4533E-04

== GEOMECHANICS ================================================================

 Step    102 Time=  9.90000E-01 Dt=  1.00000E-02 [minute] conv_reason: 2
  linear =   204 [     22502] cuts =  0 [   0]

== RICHARDS FLOW ===============================================================
  0 2r: 7.24E-05 2x: 0.00E+00 2u: 0.00E+00 ir: 3.17E-06 iu: 0.00E+00 rsn:   0
  1 2r: 3.79E-07 2x: 1.29E+09 2u: 4.60E-02 ir: 2.98E-08 iu: 5.45E-04 rsn: stol

 Step    103 Time=  1.00000E+00 Dt=  1.00000E-02 [minute] conv_reason: 4
  newton =   1 [     103] linear =     1 [       103] cuts =  0 [   0]
  --> SNES Linear/Non-Linear Iterations = 1 / 1
  --> SNES Residual: 0.379167E-06 0.398210E-11 0.298023E-07
  --> max change: dpmx=   5.4533E-04

== GEOMECHANICS ================================================================

 Step    103 Time=  1.00000E+00 Dt=  1.00000E-02 [minute] conv_reason: 2
  linear =   212 [     22714] cuts =  0 [   0]
 --> appending to hdf5 geomech output file: /home/kwesi/yaomesh/Pflotran_files_codes/preload_state-geomech.h5
 --> write xmf geomech output file: /home/kwesi/yaomesh/Pflotran_files_codes/preload_state-geomech-004.xmf

 --> appending to hdf5 output file: /home/kwesi/yaomesh/Pflotran_files_codes/preload_state.h5
      0.03 Seconds to write HDF5 file.
 --> Dump checkpoint file: /home/kwesi/yaomesh/Pflotran_files_codes/preload_state-restart.h5
      Seconds to write to checkpoint file:       0.08

PMCSubsurfaceFlow
 Total Time: 4.3967E+01 seconds

 FLOW TS SNES steps = 103  newton = 103  linear = 103  cuts = 0
 FLOW TS SNES Wasted Linear Iterations = 0
 FLOW TS SNES Wasted Newton Iterations = 0
 FLOW TS SNES time = 41.3 seconds

PMCSubsurfaceGeomechanics
 Total Time: 0.0000E+00 seconds

 GEOMECHANICS TS KSP steps = 103 linear = 22714 cuts = 0
 GEOMECHANICS TS KSP Wasted Linear Iterations = 0
 GEOMECHANICS TS KSP time = 764.8 seconds

 Wall Clock Time:  1.3768E+03 [sec]   2.2947E+01 [min]   3.8245E-01 [hr]
