
================================
  PFLOTRAN Development Version
================================

pflotran card:: GRID
pflotran card:: NUMERICAL_METHODS
pflotran card:: TIME
pflotran card:: REFERENCE_PRESSURE
"Reference Pressure units" set to default value.
pflotran card:: MATERIAL_PROPERTY
  Name :: overburden
pflotran card:: MATERIAL_PROPERTY
  Name :: bartlesville_sand
pflotran card:: MATERIAL_PROPERTY
  Name :: basal_layer
pflotran card:: MATERIAL_PROPERTY
  Name :: underburden
pflotran card:: MATERIAL_PROPERTY
  Name :: hec
pflotran card:: MATERIAL_PROPERTY
  Name :: injection_borehole
pflotran card:: MATERIAL_PROPERTY
  Name :: AVN2
pflotran card:: MATERIAL_PROPERTY
  Name :: AVN87
pflotran card:: MATERIAL_PROPERTY
  Name :: AVN31
pflotran card:: CHARACTERISTIC_CURVES
  Name :: default
pflotran card:: OUTPUT
"OUTPUT,SNAPSHOT_FILE,FORMAT,HDF5" set to default value.
pflotran card:: REGION
All
pflotran card:: REGION
top
pflotran card:: REGION
bottom
pflotran card:: REGION
north
pflotran card:: REGION
south
pflotran card:: REGION
east
pflotran card:: REGION
west
pflotran card:: REGION
injection_borehole
pflotran card:: REGION
strainmeter_sensors
pflotran card:: REGION
AVN2
pflotran card:: REGION
AVN87
pflotran card:: REGION
AVN31
pflotran card:: FLOW_CONDITION
initial
pflotran card:: FLOW_CONDITION
far_field_pressure
pflotran card:: FLOW_CONDITION
noflow
pflotran card:: FLOW_CONDITION
injection
pflotran card:: INITIAL_CONDITION
"Initial Condition name" set to default value.
pflotran card:: SOURCE_SINK
pflotran card:: BOUNDARY_CONDITION
pflotran card:: BOUNDARY_CONDITION
pflotran card:: BOUNDARY_CONDITION
pflotran card:: BOUNDARY_CONDITION
pflotran card:: BOUNDARY_CONDITION
pflotran card:: BOUNDARY_CONDITION
pflotran card:: STRATA
pflotran card:: END_SUBSURFACE

 *GEOMECH_GRAV
  gravity    =  [m/s^2]     0.0000E+00  0.0000E+00  0.0000E+00
word :: GEOMECHANICS_MAPPING_FILE
word :: GEOMECHANICS_GRID
word :: GEOMECHANICS_TIME
word :: GEOMECHANICS_REGION
overburden
word :: GEOMECHANICS_REGION
bartlesville_sand
word :: GEOMECHANICS_REGION
basal_layer
word :: GEOMECHANICS_REGION
underburden
word :: GEOMECHANICS_REGION
hec
word :: GEOMECHANICS_REGION
injection_borehole
word :: GEOMECHANICS_REGION
strainmeter_sensors
word :: GEOMECHANICS_REGION
AVN2
word :: GEOMECHANICS_REGION
AVN87
word :: GEOMECHANICS_REGION
AVN31
word :: GEOMECHANICS_REGION
west
word :: GEOMECHANICS_REGION
east
word :: GEOMECHANICS_REGION
north
word :: GEOMECHANICS_REGION
south
word :: GEOMECHANICS_REGION
bottom
word :: GEOMECHANICS_REGION
top
word :: GEOMECHANICS_MATERIAL_PROPERTY
word :: GEOMECHANICS_MATERIAL_PROPERTY
word :: GEOMECHANICS_MATERIAL_PROPERTY
word :: GEOMECHANICS_MATERIAL_PROPERTY
word :: GEOMECHANICS_MATERIAL_PROPERTY
word :: GEOMECHANICS_MATERIAL_PROPERTY
word :: GEOMECHANICS_MATERIAL_PROPERTY
word :: GEOMECHANICS_MATERIAL_PROPERTY
word :: GEOMECHANICS_MATERIAL_PROPERTY
word :: GEOMECHANICS_STRATA
word :: GEOMECHANICS_STRATA
word :: GEOMECHANICS_STRATA
word :: GEOMECHANICS_STRATA
word :: GEOMECHANICS_STRATA
word :: GEOMECHANICS_STRATA
word :: GEOMECHANICS_STRATA
word :: GEOMECHANICS_STRATA
word :: GEOMECHANICS_STRATA
word :: GEOMECHANICS_CONDITION
west_roller
word :: GEOMECHANICS_CONDITION
east_roller
word :: GEOMECHANICS_CONDITION
north_roller
word :: GEOMECHANICS_CONDITION
south_roller
word :: GEOMECHANICS_CONDITION
bottom_fix
word :: GEOMECHANICS_BOUNDARY_CONDITION
word :: GEOMECHANICS_BOUNDARY_CONDITION
word :: GEOMECHANICS_BOUNDARY_CONDITION
word :: GEOMECHANICS_BOUNDARY_CONDITION
word :: GEOMECHANICS_BOUNDARY_CONDITION
word :: GEOMECHANICS_OUTPUT
"GEOMECHANICS_OUTPUT,FORMAT,HDF5,# FILES" set to default value.

Number of processes: 5

Extent of Gridded Domain
 X: 0.000000E+00 - 1.000000E+04
 Y: 0.000000E+00 - 1.000000E+04
 Z: -7.500000E+02 - 0.000000E+00

Size of Gridded Domain
 Number of grid cells: 95218
 Maximum number of grid cells per process: 19721
 Minimum number of grid cells per process: 17308

Min/Max Cell Volumes [m^3]
 Maximum: 1.757812E+07
 Minimum: 2.052600E-03
Opening hdf5 file: /home/kwesi/yaomesh/Pflotran_files_codes/./bartlesville_hec_material_ids.h5
Setting up grid cell indices
Opening group: Materials
Reading dataset: Materials/Cell Ids
  0.00 Seconds to set up indices
Reading dataset: Materials/Material Ids
  0.00 Seconds to read integer array.
Closing group: Materials
Closing hdf5 file: /home/kwesi/yaomesh/Pflotran_files_codes/./bartlesville_hec_material_ids.h5

Number of active grid cells: 95218
Number of inactive grid cells: 0


=+=+=+=+=+=+=+=+=+=+=+=+=+=+=+=+=+=+=+=+=+=+=+=+=+=+=+=+=+=+=+=+=+=+=+=+=+=+=+=+

  Initial Condition

--------------------------------------------------------------------------------
          Flow Condition:   initial
                  Region:   All
--------------------------------------------------------------------------------

  Flow Condition: initial
    Synchronize time with update: no
    Time units: yr
    Length units: m
      Datum:
        Dataset: Unnamed Ascii Dataset
          Type: dataset_ascii_type
          Transient: no
          Array Rank:  3

    Sub Condition: pressure
      Type: hydrostatic
      Gradient:
        Dataset: Unnamed Ascii Dataset
          Type: dataset_ascii_type
          Transient: no
          Array Rank:  3
      Data:
        Dataset: Unnamed Ascii Dataset
          Type: dataset_ascii_type
          Transient: no
          Array Rank:  1

--------------------------------------------------------------------------------

=+=+=+=+=+=+=+=+=+=+=+=+=+=+=+=+=+=+=+=+=+=+=+=+=+=+=+=+=+=+=+=+=+=+=+=+=+=+=+=+

  Boundary Condition

--------------------------------------------------------------------------------
          Flow Condition:   far_field_pressure
                  Region:   west
--------------------------------------------------------------------------------

  Flow Condition: far_field_pressure
    Synchronize time with update: no
    Time units: yr
    Length units: m
      Datum:
        Dataset: Unnamed Ascii Dataset
          Type: dataset_ascii_type
          Transient: no
          Array Rank:  3

    Sub Condition: pressure
      Type: hydrostatic
      Gradient:
        Dataset: Unnamed Ascii Dataset
          Type: dataset_ascii_type
          Transient: no
          Array Rank:  3
      Data:
        Dataset: Unnamed Ascii Dataset
          Type: dataset_ascii_type
          Transient: no
          Array Rank:  1

--------------------------------------------------------------------------------

=+=+=+=+=+=+=+=+=+=+=+=+=+=+=+=+=+=+=+=+=+=+=+=+=+=+=+=+=+=+=+=+=+=+=+=+=+=+=+=+

  Boundary Condition

--------------------------------------------------------------------------------
          Flow Condition:   far_field_pressure
                  Region:   east
--------------------------------------------------------------------------------

  Flow Condition: far_field_pressure
    Synchronize time with update: no
    Time units: yr
    Length units: m
      Datum:
        Dataset: Unnamed Ascii Dataset
          Type: dataset_ascii_type
          Transient: no
          Array Rank:  3

    Sub Condition: pressure
      Type: hydrostatic
      Gradient:
        Dataset: Unnamed Ascii Dataset
          Type: dataset_ascii_type
          Transient: no
          Array Rank:  3
      Data:
        Dataset: Unnamed Ascii Dataset
          Type: dataset_ascii_type
          Transient: no
          Array Rank:  1

--------------------------------------------------------------------------------

=+=+=+=+=+=+=+=+=+=+=+=+=+=+=+=+=+=+=+=+=+=+=+=+=+=+=+=+=+=+=+=+=+=+=+=+=+=+=+=+

  Boundary Condition

--------------------------------------------------------------------------------
          Flow Condition:   far_field_pressure
                  Region:   north
--------------------------------------------------------------------------------

  Flow Condition: far_field_pressure
    Synchronize time with update: no
    Time units: yr
    Length units: m
      Datum:
        Dataset: Unnamed Ascii Dataset
          Type: dataset_ascii_type
          Transient: no
          Array Rank:  3

    Sub Condition: pressure
      Type: hydrostatic
      Gradient:
        Dataset: Unnamed Ascii Dataset
          Type: dataset_ascii_type
          Transient: no
          Array Rank:  3
      Data:
        Dataset: Unnamed Ascii Dataset
          Type: dataset_ascii_type
          Transient: no
          Array Rank:  1

--------------------------------------------------------------------------------

=+=+=+=+=+=+=+=+=+=+=+=+=+=+=+=+=+=+=+=+=+=+=+=+=+=+=+=+=+=+=+=+=+=+=+=+=+=+=+=+

  Boundary Condition

--------------------------------------------------------------------------------
          Flow Condition:   far_field_pressure
                  Region:   south
--------------------------------------------------------------------------------

  Flow Condition: far_field_pressure
    Synchronize time with update: no
    Time units: yr
    Length units: m
      Datum:
        Dataset: Unnamed Ascii Dataset
          Type: dataset_ascii_type
          Transient: no
          Array Rank:  3

    Sub Condition: pressure
      Type: hydrostatic
      Gradient:
        Dataset: Unnamed Ascii Dataset
          Type: dataset_ascii_type
          Transient: no
          Array Rank:  3
      Data:
        Dataset: Unnamed Ascii Dataset
          Type: dataset_ascii_type
          Transient: no
          Array Rank:  1

--------------------------------------------------------------------------------

=+=+=+=+=+=+=+=+=+=+=+=+=+=+=+=+=+=+=+=+=+=+=+=+=+=+=+=+=+=+=+=+=+=+=+=+=+=+=+=+

  Boundary Condition

--------------------------------------------------------------------------------
          Flow Condition:   noflow
                  Region:   top
--------------------------------------------------------------------------------

  Flow Condition: noflow
    Synchronize time with update: no
    Time units: yr
    Length units: m
      Datum:

    Sub Condition: pressure
      Type: neumann
      Gradient:
      Data:
        Dataset: Unnamed Ascii Dataset
          Type: dataset_ascii_type
          Transient: no
          Array Rank:  1

--------------------------------------------------------------------------------

=+=+=+=+=+=+=+=+=+=+=+=+=+=+=+=+=+=+=+=+=+=+=+=+=+=+=+=+=+=+=+=+=+=+=+=+=+=+=+=+

  Boundary Condition

--------------------------------------------------------------------------------
          Flow Condition:   noflow
                  Region:   bottom
--------------------------------------------------------------------------------

  Flow Condition: noflow
    Synchronize time with update: no
    Time units: yr
    Length units: m
      Datum:

    Sub Condition: pressure
      Type: neumann
      Gradient:
      Data:
        Dataset: Unnamed Ascii Dataset
          Type: dataset_ascii_type
          Transient: no
          Array Rank:  1

--------------------------------------------------------------------------------

=+=+=+=+=+=+=+=+=+=+=+=+=+=+=+=+=+=+=+=+=+=+=+=+=+=+=+=+=+=+=+=+=+=+=+=+=+=+=+=+

  Source/Sink

--------------------------------------------------------------------------------
          Flow Condition:   injection
                  Region:   injection_borehole
--------------------------------------------------------------------------------

  Flow Condition: injection
    Synchronize time with update: yes
    Time units: yr
    Length units: m
      Datum:

    Sub Condition: rate
      Type: scaled volumetric rate
      Gradient:
      Data:
        Dataset: Unnamed Ascii Dataset
          Type: dataset_ascii_type
          Is transient?: yes
          Number of times:      2
          Is cyclic?: no
          Buffer:
            Rank:  2
            Dims:    1   2
            Buffer Slice Size:   0
          Array Rank:  1

--------------------------------------------------------------------------------
Default HDF5 method is used in Initialization
  Beginning setup of FLOW SNES
 number of dofs =   1, number of phases =   1
 mode = Richards: p
  Finished setting up FLOW SNES

 Requested processors =     5

=+=+=+=+=+=+=+=+=+=+=+=+=+=+=+=+=+=+=+=+=+=+=+=+=+=+=+=+=+=+=+=+=+=+=+=+=+=+=+=+

  Geomech Boundary Condition

--------------------------------------------------------------------------------
          Geomech Condition:   west_roller
                  Region:   west
--------------------------------------------------------------------------------

  Geomech Condition: west_roller
    Synchronize time with update: no
    Time units: yr
    Length units: m

    Sub Condition: displacement_x
      Type: dirichlet
      Geomech Dataset:
TODO(geh): add DatasetPrint()

--------------------------------------------------------------------------------

=+=+=+=+=+=+=+=+=+=+=+=+=+=+=+=+=+=+=+=+=+=+=+=+=+=+=+=+=+=+=+=+=+=+=+=+=+=+=+=+

  Geomech Boundary Condition

--------------------------------------------------------------------------------
          Geomech Condition:   east_roller
                  Region:   east
--------------------------------------------------------------------------------

  Geomech Condition: east_roller
    Synchronize time with update: no
    Time units: yr
    Length units: m

    Sub Condition: displacement_x
      Type: dirichlet
      Geomech Dataset:
TODO(geh): add DatasetPrint()

--------------------------------------------------------------------------------

=+=+=+=+=+=+=+=+=+=+=+=+=+=+=+=+=+=+=+=+=+=+=+=+=+=+=+=+=+=+=+=+=+=+=+=+=+=+=+=+

  Geomech Boundary Condition

--------------------------------------------------------------------------------
          Geomech Condition:   north_roller
                  Region:   north
--------------------------------------------------------------------------------

  Geomech Condition: north_roller
    Synchronize time with update: no
    Time units: yr
    Length units: m

    Sub Condition: displacement_y
      Type: dirichlet
      Geomech Dataset:
TODO(geh): add DatasetPrint()

--------------------------------------------------------------------------------

=+=+=+=+=+=+=+=+=+=+=+=+=+=+=+=+=+=+=+=+=+=+=+=+=+=+=+=+=+=+=+=+=+=+=+=+=+=+=+=+

  Geomech Boundary Condition

--------------------------------------------------------------------------------
          Geomech Condition:   south_roller
                  Region:   south
--------------------------------------------------------------------------------

  Geomech Condition: south_roller
    Synchronize time with update: no
    Time units: yr
    Length units: m

    Sub Condition: displacement_y
      Type: dirichlet
      Geomech Dataset:
TODO(geh): add DatasetPrint()

--------------------------------------------------------------------------------

=+=+=+=+=+=+=+=+=+=+=+=+=+=+=+=+=+=+=+=+=+=+=+=+=+=+=+=+=+=+=+=+=+=+=+=+=+=+=+=+

  Geomech Boundary Condition

--------------------------------------------------------------------------------
          Geomech Condition:   bottom_fix
                  Region:   bottom
--------------------------------------------------------------------------------

  Geomech Condition: bottom_fix
    Synchronize time with update: no
    Time units: yr
    Length units: m

    Sub Condition: displacement_z
      Type: dirichlet
      Geomech Dataset:
TODO(geh): add DatasetPrint()

--------------------------------------------------------------------------------
  Beginning setup of GEOMECH KSP
  Finished setting up GEOMECH KSP
Restarting with checkpoint file "/home/kwesi/yaomesh/Pflotran_files_codes/preload_state-restart.h5".
      Seconds to read from restart file:       0.06

FLOW Time Stepper SNES
      maximum number of steps: 999999
constant time steps threshold: 5
       maximum number of cuts: 40
             reduction factor: 2.500000E-01
        maximum growth factor: 2.000000E+00
                 acceleration: on
       acceleration threshold: 5
       number of ramp entries: 5
                ramp entry #1: 2.0000
                ramp entry #2: 2.0000
                ramp entry #3: 2.0000
                ramp entry #4: 2.0000
                ramp entry #5: 2.0000
                ramp entry #6: 1.8000
                ramp entry #7: 1.6000
                ramp entry #8: 1.4000
                ramp entry #9: 1.2000
               ramp entry #10: 1.0000
               ramp entry #11: 1.0000
               ramp entry #12: 1.0000
               ramp entry #13: 1.0000

FLOW Newton Solver
                         atol: 1.000000E-50
                         rtol: 1.000000E-08
                         stol: 1.000000E-08
                         dtol: 1.000000E+04
                      maxnorm: 1.000000E+20
                    inftolres: -9.990000E+02
                    inftolupd: -9.990000E+02
                 inftolrelupd: -9.990000E+02
                 inftolsclres: -9.990000E+02
                     max iter: 50
                     min iter: 1
                         maxf: 10000
                  matrix type: baij
         precond. matrix type: baij
               inexact newton: off
            print convergence: on
   print detailed convergence: off
          check infinity norm: on

FLOW Linear Solver
                       solver: bcgs
               preconditioner: asm
                         atol: 1.000000E-50
                         rtol: 1.000000E-08
                         dtol: 1.000000E+04
            maximum iteration: 200

GEOMECHANICS Time Stepper KSP
      maximum number of steps: 999999
constant time steps threshold: 5
       maximum number of cuts: 16
             reduction factor: 5.000000E-01
        maximum growth factor: 2.000000E+00

GEOMECHANICS Newton Solver
                         atol: -2.000000E+00
                         rtol: -2.000000E+00
                         stol: -2.000000E+00
                         dtol: -2.000000E+00
                      maxnorm: 1.000000E+20
                    inftolres: -9.990000E+02
                    inftolupd: -9.990000E+02
                 inftolrelupd: -9.990000E+02
                 inftolsclres: -9.990000E+02
                     max iter: -2
                     min iter: 1
                         maxf: -2
                  matrix type: baij
         precond. matrix type: baij
               inexact newton: off
            print convergence: on
   print detailed convergence: off
          check infinity norm: on

GEOMECHANICS Linear Solver
                       solver: bcgs
               preconditioner:
                         atol: 1.000000E-50
                         rtol: 1.000000E-05
                         dtol: 1.000000E+04
            maximum iteration: 10000

 --> creating hdf5 output file: /home/kwesi/yaomesh/Pflotran_files_codes/two_way.h5
      0.01 Seconds to write HDF5 file.

 Finished Initialization


== RICHARDS FLOW ===============================================================
  0 2r: 7.23E-05 2x: 0.00E+00 2u: 0.00E+00 ir: 3.16E-06 iu: 0.00E+00 rsn:   0
  1 2r: 1.50E-06 2x: 1.29E+09 2u: 4.60E-03 ir: 4.47E-08 iu: 5.47E-05 rsn: stol

 Step      1 Time=  1.00000E-03 Dt=  1.00000E-03 [minute] conv_reason: 4
  newton =   1 [       1] linear =     1 [         1] cuts =  0 [   0]
  --> SNES Linear/Non-Linear Iterations = 1 / 1
  --> SNES Residual: 0.150013E-05 0.157547E-10 0.447035E-07
  --> max change: dpmx=   5.4746E-05

== GEOMECHANICS ================================================================

 Step      1 Time=  1.00000E-03 Dt=  1.00000E-03 [minute] conv_reason: 2
  linear =   308 [       308] cuts =  0 [   0]

== RICHARDS FLOW ===============================================================
  0 2r: 1.62E-02 2x: 0.00E+00 2u: 0.00E+00 ir: 6.97E-04 iu: 0.00E+00 rsn:   0
  1 2r: 2.22E-06 2x: 1.29E+09 2u: 1.72E+00 ir: 1.79E-07 iu: 2.68E-02 rsn: stol

 Step      2 Time=  3.00000E-03 Dt=  2.00000E-03 [minute] conv_reason: 4
  newton =   1 [       2] linear =     1 [         2] cuts =  0 [   0]
  --> SNES Linear/Non-Linear Iterations = 1 / 1
  --> SNES Residual: 0.222266E-05 0.233428E-10 0.178814E-06
  --> max change: dpmx=   2.6809E-02

== GEOMECHANICS ================================================================

 Step      2 Time=  3.00000E-03 Dt=  2.00000E-03 [minute] conv_reason: 2
  linear =   226 [       534] cuts =  0 [   0]

== RICHARDS FLOW ===============================================================
  0 2r: 5.28E-03 2x: 0.00E+00 2u: 0.00E+00 ir: 2.22E-04 iu: 0.00E+00 rsn:   0
  1 2r: 1.13E-06 2x: 1.29E+09 2u: 1.11E+00 ir: 5.96E-08 iu: 2.45E-02 rsn: stol

 Step      3 Time=  7.00000E-03 Dt=  4.00000E-03 [minute] conv_reason: 4
  newton =   1 [       3] linear =     1 [         3] cuts =  0 [   0]
  --> SNES Linear/Non-Linear Iterations = 1 / 1
